{"C:\\Users\\siphe\\Documents\\programs\\html+js+css\\events_react2\\postcss.config.js": {"path":"C:\\Users\\siphe\\Documents\\programs\\html+js+css\\events_react2\\postcss.config.js","all":true,"statementMap":{"0":{"start":{"line":1,"column":0},"end":{"line":1,"column":16}},"1":{"start":{"line":2,"column":0},"end":{"line":2,"column":12}},"2":{"start":{"line":3,"column":0},"end":{"line":3,"column":20}},"3":{"start":{"line":4,"column":0},"end":{"line":4,"column":21}},"4":{"start":{"line":5,"column":0},"end":{"line":5,"column":4}},"5":{"start":{"line":6,"column":0},"end":{"line":6,"column":1}}},"s":{"0":0,"1":0,"2":0,"3":0,"4":0,"5":0},"branchMap":{"0":{"type":"branch","line":1,"loc":{"start":{"line":1,"column":0},"end":{"line":6,"column":-13}},"locations":[{"start":{"line":1,"column":0},"end":{"line":6,"column":-13}}]}},"b":{"0":[0]},"fnMap":{"0":{"name":"(empty-report)","decl":{"start":{"line":1,"column":0},"end":{"line":6,"column":-13}},"loc":{"start":{"line":1,"column":0},"end":{"line":6,"column":-13}},"line":1}},"f":{"0":0}}
,"C:\\Users\\siphe\\Documents\\programs\\html+js+css\\events_react2\\setupTests.js": {"path":"C:\\Users\\siphe\\Documents\\programs\\html+js+css\\events_react2\\setupTests.js","all":true,"statementMap":{"0":{"start":{"line":1,"column":0},"end":{"line":1,"column":35}}},"s":{"0":0},"branchMap":{"0":{"type":"branch","line":1,"loc":{"start":{"line":1,"column":0},"end":{"line":1,"column":35}},"locations":[{"start":{"line":1,"column":0},"end":{"line":1,"column":35}}]}},"b":{"0":[0]},"fnMap":{"0":{"name":"(empty-report)","decl":{"start":{"line":1,"column":0},"end":{"line":1,"column":35}},"loc":{"start":{"line":1,"column":0},"end":{"line":1,"column":35}},"line":1}},"f":{"0":0}}
,"C:\\Users\\siphe\\Documents\\programs\\html+js+css\\events_react2\\tailwind.config.js": {"path":"C:\\Users\\siphe\\Documents\\programs\\html+js+css\\events_react2\\tailwind.config.js","all":true,"statementMap":{"0":{"start":{"line":1,"column":0},"end":{"line":1,"column":43}},"1":{"start":{"line":2,"column":0},"end":{"line":2,"column":16}},"2":{"start":{"line":3,"column":0},"end":{"line":3,"column":12}},"3":{"start":{"line":4,"column":0},"end":{"line":4,"column":19}},"4":{"start":{"line":5,"column":0},"end":{"line":5,"column":33}},"5":{"start":{"line":6,"column":0},"end":{"line":6,"column":4}},"6":{"start":{"line":7,"column":0},"end":{"line":7,"column":10}},"7":{"start":{"line":8,"column":0},"end":{"line":8,"column":13}},"8":{"start":{"line":9,"column":0},"end":{"line":9,"column":18}},"9":{"start":{"line":10,"column":0},"end":{"line":10,"column":65}},"10":{"start":{"line":11,"column":0},"end":{"line":11,"column":8}},"11":{"start":{"line":12,"column":0},"end":{"line":12,"column":18}},"12":{"start":{"line":13,"column":0},"end":{"line":13,"column":28}},"13":{"start":{"line":14,"column":0},"end":{"line":14,"column":47}},"14":{"start":{"line":15,"column":0},"end":{"line":15,"column":49}},"15":{"start":{"line":16,"column":0},"end":{"line":16,"column":9}},"16":{"start":{"line":17,"column":0},"end":{"line":17,"column":27}},"17":{"start":{"line":18,"column":0},"end":{"line":18,"column":6}},"18":{"start":{"line":19,"column":0},"end":{"line":19,"column":14}},"19":{"start":{"line":20,"column":0},"end":{"line":20,"column":43}},"20":{"start":{"line":21,"column":0},"end":{"line":21,"column":6}},"21":{"start":{"line":22,"column":0},"end":{"line":22,"column":4}},"22":{"start":{"line":23,"column":0},"end":{"line":23,"column":38}},"23":{"start":{"line":24,"column":0},"end":{"line":24,"column":98}},"24":{"start":{"line":25,"column":0},"end":{"line":25,"column":1}}},"s":{"0":0,"1":0,"2":0,"3":0,"4":0,"5":0,"6":0,"7":0,"8":0,"9":0,"10":0,"11":0,"12":0,"13":0,"14":0,"15":0,"16":0,"17":0,"18":0,"19":0,"20":0,"21":0,"22":0,"23":0,"24":0},"branchMap":{"0":{"type":"branch","line":1,"loc":{"start":{"line":1,"column":0},"end":{"line":25,"column":-7}},"locations":[{"start":{"line":1,"column":0},"end":{"line":25,"column":-7}}]}},"b":{"0":[0]},"fnMap":{"0":{"name":"(empty-report)","decl":{"start":{"line":1,"column":0},"end":{"line":25,"column":-7}},"loc":{"start":{"line":1,"column":0},"end":{"line":25,"column":-7}},"line":1}},"f":{"0":0}}
,"C:\\Users\\siphe\\Documents\\programs\\html+js+css\\events_react2\\src\\App.jsx": {"path":"C:\\Users\\siphe\\Documents\\programs\\html+js+css\\events_react2\\src\\App.jsx","all":true,"statementMap":{"0":{"start":{"line":1,"column":0},"end":{"line":1,"column":59}},"1":{"start":{"line":2,"column":0},"end":{"line":2,"column":19}},"2":{"start":{"line":3,"column":0},"end":{"line":3,"column":40}},"3":{"start":{"line":4,"column":0},"end":{"line":4,"column":38}},"4":{"start":{"line":5,"column":0},"end":{"line":5,"column":38}},"5":{"start":{"line":6,"column":0},"end":{"line":6,"column":32}},"6":{"start":{"line":7,"column":0},"end":{"line":7,"column":42}},"7":{"start":{"line":8,"column":0},"end":{"line":8,"column":59}},"8":{"start":{"line":9,"column":0},"end":{"line":9,"column":55}},"9":{"start":{"line":10,"column":0},"end":{"line":10,"column":57}},"10":{"start":{"line":11,"column":0},"end":{"line":11,"column":49}},"11":{"start":{"line":12,"column":0},"end":{"line":12,"column":70}},"12":{"start":{"line":13,"column":0},"end":{"line":13,"column":60}},"13":{"start":{"line":14,"column":0},"end":{"line":14,"column":70}},"14":{"start":{"line":15,"column":0},"end":{"line":15,"column":59}},"15":{"start":{"line":16,"column":0},"end":{"line":16,"column":47}},"16":{"start":{"line":17,"column":0},"end":{"line":17,"column":71}},"17":{"start":{"line":18,"column":0},"end":{"line":18,"column":69}},"18":{"start":{"line":19,"column":0},"end":{"line":19,"column":64}},"19":{"start":{"line":20,"column":0},"end":{"line":20,"column":62}},"20":{"start":{"line":21,"column":0},"end":{"line":21,"column":54}},"22":{"start":{"line":23,"column":0},"end":{"line":23,"column":16}},"23":{"start":{"line":24,"column":0},"end":{"line":24,"column":40}},"25":{"start":{"line":26,"column":0},"end":{"line":26,"column":10}},"26":{"start":{"line":27,"column":0},"end":{"line":27,"column":25}},"27":{"start":{"line":28,"column":0},"end":{"line":28,"column":14}},"29":{"start":{"line":30,"column":0},"end":{"line":30,"column":80}},"30":{"start":{"line":31,"column":0},"end":{"line":31,"column":74}},"31":{"start":{"line":32,"column":0},"end":{"line":32,"column":76}},"32":{"start":{"line":33,"column":0},"end":{"line":33,"column":14}},"33":{"start":{"line":34,"column":0},"end":{"line":34,"column":33}},"34":{"start":{"line":35,"column":0},"end":{"line":35,"column":61}},"35":{"start":{"line":36,"column":0},"end":{"line":36,"column":10}},"36":{"start":{"line":37,"column":0},"end":{"line":37,"column":14}},"37":{"start":{"line":38,"column":0},"end":{"line":38,"column":35}},"38":{"start":{"line":39,"column":0},"end":{"line":39,"column":56}},"39":{"start":{"line":40,"column":0},"end":{"line":40,"column":10}},"40":{"start":{"line":41,"column":0},"end":{"line":41,"column":14}},"41":{"start":{"line":42,"column":0},"end":{"line":42,"column":42}},"42":{"start":{"line":43,"column":0},"end":{"line":43,"column":61}},"43":{"start":{"line":44,"column":0},"end":{"line":44,"column":10}},"45":{"start":{"line":46,"column":0},"end":{"line":46,"column":74}},"46":{"start":{"line":47,"column":0},"end":{"line":47,"column":14}},"47":{"start":{"line":48,"column":0},"end":{"line":48,"column":26}},"48":{"start":{"line":49,"column":0},"end":{"line":49,"column":60}},"49":{"start":{"line":50,"column":0},"end":{"line":50,"column":10}},"50":{"start":{"line":51,"column":0},"end":{"line":51,"column":14}},"51":{"start":{"line":52,"column":0},"end":{"line":52,"column":24}},"52":{"start":{"line":53,"column":0},"end":{"line":53,"column":66}},"53":{"start":{"line":54,"column":0},"end":{"line":54,"column":10}},"54":{"start":{"line":55,"column":0},"end":{"line":55,"column":14}},"55":{"start":{"line":56,"column":0},"end":{"line":56,"column":30}},"56":{"start":{"line":57,"column":0},"end":{"line":57,"column":73}},"57":{"start":{"line":58,"column":0},"end":{"line":58,"column":10}},"58":{"start":{"line":59,"column":0},"end":{"line":59,"column":14}},"59":{"start":{"line":60,"column":0},"end":{"line":60,"column":33}},"60":{"start":{"line":61,"column":0},"end":{"line":61,"column":74}},"61":{"start":{"line":62,"column":0},"end":{"line":62,"column":10}},"62":{"start":{"line":63,"column":0},"end":{"line":63,"column":14}},"63":{"start":{"line":64,"column":0},"end":{"line":64,"column":24}},"64":{"start":{"line":65,"column":0},"end":{"line":65,"column":75}},"65":{"start":{"line":66,"column":0},"end":{"line":66,"column":10}},"66":{"start":{"line":67,"column":0},"end":{"line":67,"column":14}},"67":{"start":{"line":68,"column":0},"end":{"line":68,"column":25}},"68":{"start":{"line":69,"column":0},"end":{"line":69,"column":114}},"69":{"start":{"line":70,"column":0},"end":{"line":70,"column":10}},"70":{"start":{"line":71,"column":0},"end":{"line":71,"column":14}},"71":{"start":{"line":72,"column":0},"end":{"line":72,"column":33}},"72":{"start":{"line":73,"column":0},"end":{"line":73,"column":75}},"73":{"start":{"line":74,"column":0},"end":{"line":74,"column":10}},"74":{"start":{"line":75,"column":0},"end":{"line":75,"column":14}},"75":{"start":{"line":76,"column":0},"end":{"line":76,"column":32}},"76":{"start":{"line":77,"column":0},"end":{"line":77,"column":74}},"77":{"start":{"line":78,"column":0},"end":{"line":78,"column":10}},"78":{"start":{"line":79,"column":0},"end":{"line":79,"column":14}},"79":{"start":{"line":80,"column":0},"end":{"line":80,"column":31}},"80":{"start":{"line":81,"column":0},"end":{"line":81,"column":74}},"81":{"start":{"line":82,"column":0},"end":{"line":82,"column":10}},"82":{"start":{"line":83,"column":0},"end":{"line":83,"column":14}},"83":{"start":{"line":84,"column":0},"end":{"line":84,"column":31}},"84":{"start":{"line":85,"column":0},"end":{"line":85,"column":74}},"85":{"start":{"line":86,"column":0},"end":{"line":86,"column":10}},"87":{"start":{"line":88,"column":0},"end":{"line":88,"column":49}},"88":{"start":{"line":89,"column":0},"end":{"line":89,"column":15}},"89":{"start":{"line":90,"column":0},"end":{"line":90,"column":17}},"90":{"start":{"line":91,"column":0},"end":{"line":91,"column":10}},"92":{"start":{"line":93,"column":0},"end":{"line":93,"column":1}},"94":{"start":{"line":95,"column":0},"end":{"line":95,"column":19}}},"s":{"0":0,"1":0,"2":0,"3":0,"4":0,"5":0,"6":0,"7":0,"8":0,"9":0,"10":0,"11":0,"12":0,"13":0,"14":0,"15":0,"16":0,"17":0,"18":0,"19":0,"20":0,"22":0,"23":0,"25":0,"26":0,"27":0,"29":0,"30":0,"31":0,"32":0,"33":0,"34":0,"35":0,"36":0,"37":0,"38":0,"39":0,"40":0,"41":0,"42":0,"43":0,"45":0,"46":0,"47":0,"48":0,"49":0,"50":0,"51":0,"52":0,"53":0,"54":0,"55":0,"56":0,"57":0,"58":0,"59":0,"60":0,"61":0,"62":0,"63":0,"64":0,"65":0,"66":0,"67":0,"68":0,"69":0,"70":0,"71":0,"72":0,"73":0,"74":0,"75":0,"76":0,"77":0,"78":0,"79":0,"80":0,"81":0,"82":0,"83":0,"84":0,"85":0,"87":0,"88":0,"89":0,"90":0,"92":0,"94":0},"branchMap":{"0":{"type":"branch","line":1,"loc":{"start":{"line":1,"column":0},"end":{"line":95,"column":-2156}},"locations":[{"start":{"line":1,"column":0},"end":{"line":95,"column":-2156}}]}},"b":{"0":[0]},"fnMap":{"0":{"name":"(empty-report)","decl":{"start":{"line":1,"column":0},"end":{"line":95,"column":-2156}},"loc":{"start":{"line":1,"column":0},"end":{"line":95,"column":-2156}},"line":1}},"f":{"0":0}}
,"C:\\Users\\siphe\\Documents\\programs\\html+js+css\\events_react2\\src\\firebase.config.js": {"path":"C:\\Users\\siphe\\Documents\\programs\\html+js+css\\events_react2\\src\\firebase.config.js","all":false,"statementMap":{"0":{"start":{"line":1,"column":0},"end":{"line":1,"column":25}},"1":{"start":{"line":2,"column":0},"end":{"line":2,"column":74}},"2":{"start":{"line":3,"column":0},"end":{"line":3,"column":89}},"3":{"start":{"line":4,"column":0},"end":{"line":4,"column":0}},"4":{"start":{"line":5,"column":0},"end":{"line":5,"column":37}},"5":{"start":{"line":6,"column":0},"end":{"line":6,"column":24}},"6":{"start":{"line":7,"column":0},"end":{"line":7,"column":52}},"7":{"start":{"line":8,"column":0},"end":{"line":8,"column":60}},"8":{"start":{"line":9,"column":0},"end":{"line":9,"column":43}},"9":{"start":{"line":10,"column":0},"end":{"line":10,"column":59}},"10":{"start":{"line":11,"column":0},"end":{"line":11,"column":36}},"11":{"start":{"line":12,"column":0},"end":{"line":12,"column":52}},"12":{"start":{"line":13,"column":0},"end":{"line":13,"column":2}},"13":{"start":{"line":14,"column":0},"end":{"line":14,"column":0}},"14":{"start":{"line":15,"column":0},"end":{"line":15,"column":22}},"15":{"start":{"line":16,"column":0},"end":{"line":16,"column":42}},"16":{"start":{"line":17,"column":0},"end":{"line":17,"column":26}},"17":{"start":{"line":18,"column":0},"end":{"line":18,"column":42}},"18":{"start":{"line":19,"column":0},"end":{"line":19,"column":0}}},"s":{"0":1,"1":1,"2":1,"3":1,"4":1,"5":1,"6":1,"7":1,"8":1,"9":1,"10":1,"11":1,"12":1,"13":1,"14":1,"15":1,"16":1,"17":1,"18":1},"branchMap":{},"b":{},"fnMap":{},"f":{}}
,"C:\\Users\\siphe\\Documents\\programs\\html+js+css\\events_react2\\src\\main.jsx": {"path":"C:\\Users\\siphe\\Documents\\programs\\html+js+css\\events_react2\\src\\main.jsx","all":true,"statementMap":{"0":{"start":{"line":1,"column":0},"end":{"line":1,"column":34}},"1":{"start":{"line":2,"column":0},"end":{"line":2,"column":45}},"2":{"start":{"line":3,"column":0},"end":{"line":3,"column":21}},"3":{"start":{"line":4,"column":0},"end":{"line":4,"column":27}},"4":{"start":{"line":5,"column":0},"end":{"line":5,"column":46}},"5":{"start":{"line":6,"column":0},"end":{"line":6,"column":55}},"6":{"start":{"line":7,"column":0},"end":{"line":7,"column":50}},"7":{"start":{"line":8,"column":0},"end":{"line":8,"column":34}},"8":{"start":{"line":9,"column":0},"end":{"line":9,"column":47}},"9":{"start":{"line":10,"column":0},"end":{"line":10,"column":64}},"11":{"start":{"line":12,"column":0},"end":{"line":12,"column":51}},"12":{"start":{"line":13,"column":0},"end":{"line":13,"column":14}},"13":{"start":{"line":14,"column":0},"end":{"line":14,"column":19}},"14":{"start":{"line":15,"column":0},"end":{"line":15,"column":27}},"15":{"start":{"line":16,"column":0},"end":{"line":16,"column":14}},"16":{"start":{"line":17,"column":0},"end":{"line":17,"column":28}},"17":{"start":{"line":18,"column":0},"end":{"line":18,"column":20}},"18":{"start":{"line":19,"column":0},"end":{"line":19,"column":16}},"19":{"start":{"line":20,"column":0},"end":{"line":20,"column":1}}},"s":{"0":0,"1":0,"2":0,"3":0,"4":0,"5":0,"6":0,"7":0,"8":0,"9":0,"11":0,"12":0,"13":0,"14":0,"15":0,"16":0,"17":0,"18":0,"19":0},"branchMap":{"0":{"type":"branch","line":1,"loc":{"start":{"line":1,"column":651},"end":{"line":20,"column":1}},"locations":[{"start":{"line":1,"column":651},"end":{"line":20,"column":1}}]}},"b":{"0":[0]},"fnMap":{"0":{"name":"(empty-report)","decl":{"start":{"line":1,"column":651},"end":{"line":20,"column":1}},"loc":{"start":{"line":1,"column":651},"end":{"line":20,"column":1}},"line":1}},"f":{"0":0}}
,"C:\\Users\\siphe\\Documents\\programs\\html+js+css\\events_react2\\src\\components\\CategoryList.jsx": {"path":"C:\\Users\\siphe\\Documents\\programs\\html+js+css\\events_react2\\src\\components\\CategoryList.jsx","all":false,"statementMap":{"0":{"start":{"line":1,"column":0},"end":{"line":1,"column":40}},"1":{"start":{"line":2,"column":0},"end":{"line":2,"column":52}},"2":{"start":{"line":3,"column":0},"end":{"line":3,"column":44}},"3":{"start":{"line":4,"column":0},"end":{"line":4,"column":63}},"4":{"start":{"line":5,"column":0},"end":{"line":5,"column":39}},"6":{"start":{"line":7,"column":0},"end":{"line":7,"column":28}},"7":{"start":{"line":8,"column":0},"end":{"line":8,"column":51}},"9":{"start":{"line":10,"column":0},"end":{"line":10,"column":72}},"12":{"start":{"line":13,"column":0},"end":{"line":13,"column":19}},"13":{"start":{"line":14,"column":0},"end":{"line":14,"column":41}},"14":{"start":{"line":15,"column":0},"end":{"line":15,"column":11}},"15":{"start":{"line":16,"column":0},"end":{"line":16,"column":67}},"16":{"start":{"line":17,"column":0},"end":{"line":17,"column":23}},"17":{"start":{"line":18,"column":0},"end":{"line":18,"column":19}},"18":{"start":{"line":19,"column":0},"end":{"line":19,"column":46}},"19":{"start":{"line":20,"column":0},"end":{"line":20,"column":46}},"20":{"start":{"line":21,"column":0},"end":{"line":21,"column":11}},"21":{"start":{"line":22,"column":0},"end":{"line":22,"column":11}},"22":{"start":{"line":23,"column":0},"end":{"line":23,"column":27}},"23":{"start":{"line":24,"column":0},"end":{"line":24,"column":56}},"24":{"start":{"line":25,"column":0},"end":{"line":25,"column":9}},"25":{"start":{"line":26,"column":0},"end":{"line":26,"column":43}},"26":{"start":{"line":27,"column":0},"end":{"line":27,"column":28}},"27":{"start":{"line":28,"column":0},"end":{"line":28,"column":23}},"28":{"start":{"line":29,"column":0},"end":{"line":29,"column":29}},"29":{"start":{"line":30,"column":0},"end":{"line":30,"column":7}},"30":{"start":{"line":31,"column":0},"end":{"line":31,"column":6}},"32":{"start":{"line":33,"column":0},"end":{"line":33,"column":22}},"33":{"start":{"line":34,"column":0},"end":{"line":34,"column":14}},"35":{"start":{"line":36,"column":0},"end":{"line":36,"column":33}},"37":{"start":{"line":38,"column":0},"end":{"line":38,"column":27}},"38":{"start":{"line":39,"column":0},"end":{"line":39,"column":28}},"39":{"start":{"line":40,"column":0},"end":{"line":40,"column":107}},"40":{"start":{"line":41,"column":0},"end":{"line":41,"column":5}},"41":{"start":{"line":42,"column":0},"end":{"line":42,"column":4}},"43":{"start":{"line":44,"column":0},"end":{"line":44,"column":28}},"44":{"start":{"line":45,"column":0},"end":{"line":45,"column":28}},"45":{"start":{"line":46,"column":0},"end":{"line":46,"column":106}},"46":{"start":{"line":47,"column":0},"end":{"line":47,"column":5}},"47":{"start":{"line":48,"column":0},"end":{"line":48,"column":4}},"49":{"start":{"line":50,"column":0},"end":{"line":50,"column":10}},"50":{"start":{"line":51,"column":0},"end":{"line":51,"column":69}},"51":{"start":{"line":52,"column":0},"end":{"line":52,"column":150}},"52":{"start":{"line":53,"column":0},"end":{"line":53,"column":10}},"53":{"start":{"line":54,"column":0},"end":{"line":54,"column":23}},"54":{"start":{"line":55,"column":0},"end":{"line":55,"column":28}},"55":{"start":{"line":56,"column":0},"end":{"line":56,"column":132}},"57":{"start":{"line":58,"column":0},"end":{"line":58,"column":76}},"59":{"start":{"line":60,"column":0},"end":{"line":60,"column":41}},"60":{"start":{"line":61,"column":0},"end":{"line":61,"column":126}},"61":{"start":{"line":62,"column":0},"end":{"line":62,"column":19}},"62":{"start":{"line":63,"column":0},"end":{"line":63,"column":53}},"63":{"start":{"line":64,"column":0},"end":{"line":64,"column":183}},"65":{"start":{"line":66,"column":0},"end":{"line":66,"column":21}},"66":{"start":{"line":67,"column":0},"end":{"line":67,"column":39}},"67":{"start":{"line":68,"column":0},"end":{"line":68,"column":37}},"68":{"start":{"line":69,"column":0},"end":{"line":69,"column":66}},"69":{"start":{"line":70,"column":0},"end":{"line":70,"column":18}},"70":{"start":{"line":71,"column":0},"end":{"line":71,"column":44}},"71":{"start":{"line":72,"column":0},"end":{"line":72,"column":21}},"72":{"start":{"line":73,"column":0},"end":{"line":73,"column":17}},"73":{"start":{"line":74,"column":0},"end":{"line":74,"column":13}},"74":{"start":{"line":75,"column":0},"end":{"line":75,"column":13}},"75":{"start":{"line":76,"column":0},"end":{"line":76,"column":12}},"76":{"start":{"line":77,"column":0},"end":{"line":77,"column":151}},"77":{"start":{"line":78,"column":0},"end":{"line":78,"column":10}},"80":{"start":{"line":81,"column":0},"end":{"line":81,"column":2}},"82":{"start":{"line":83,"column":0},"end":{"line":83,"column":28}}},"s":{"0":1,"1":1,"2":1,"3":1,"4":1,"6":1,"7":2,"9":2,"12":2,"13":1,"14":1,"15":1,"16":1,"17":1,"18":1,"19":1,"20":1,"21":1,"22":1,"23":0,"24":0,"25":1,"26":1,"27":1,"28":0,"29":0,"30":1,"32":1,"33":2,"35":2,"37":2,"38":0,"39":0,"40":0,"41":0,"43":2,"44":0,"45":0,"46":0,"47":0,"49":2,"50":2,"51":2,"52":2,"53":2,"54":2,"55":2,"57":2,"59":2,"60":3,"61":3,"62":3,"63":3,"65":3,"66":3,"67":3,"68":3,"69":3,"70":3,"71":3,"72":3,"73":2,"74":2,"75":2,"76":2,"77":2,"80":2,"82":1},"branchMap":{"0":{"type":"branch","line":7,"loc":{"start":{"line":7,"column":21},"end":{"line":81,"column":2}},"locations":[{"start":{"line":7,"column":21},"end":{"line":81,"column":2}}]},"1":{"type":"branch","line":13,"loc":{"start":{"line":13,"column":12},"end":{"line":34,"column":5}},"locations":[{"start":{"line":13,"column":12},"end":{"line":34,"column":5}}]},"2":{"type":"branch","line":14,"loc":{"start":{"line":14,"column":28},"end":{"line":31,"column":6}},"locations":[{"start":{"line":14,"column":28},"end":{"line":31,"column":6}}]},"3":{"type":"branch","line":23,"loc":{"start":{"line":23,"column":26},"end":{"line":25,"column":9}},"locations":[{"start":{"line":23,"column":26},"end":{"line":25,"column":9}}]},"4":{"type":"branch","line":28,"loc":{"start":{"line":28,"column":6},"end":{"line":30,"column":7}},"locations":[{"start":{"line":28,"column":6},"end":{"line":30,"column":7}}]},"5":{"type":"branch","line":60,"loc":{"start":{"line":60,"column":26},"end":{"line":73,"column":17}},"locations":[{"start":{"line":60,"column":26},"end":{"line":73,"column":17}}]}},"b":{"0":[2],"1":[1],"2":[1],"3":[0],"4":[0],"5":[3]},"fnMap":{"0":{"name":"CategoryList","decl":{"start":{"line":7,"column":21},"end":{"line":81,"column":2}},"loc":{"start":{"line":7,"column":21},"end":{"line":81,"column":2}},"line":7},"1":{"name":"fetchCategories","decl":{"start":{"line":14,"column":28},"end":{"line":31,"column":6}},"loc":{"start":{"line":14,"column":28},"end":{"line":31,"column":6}},"line":14},"2":{"name":"slideLeft","decl":{"start":{"line":38,"column":20},"end":{"line":42,"column":4}},"loc":{"start":{"line":38,"column":20},"end":{"line":42,"column":4}},"line":38},"3":{"name":"slideRight","decl":{"start":{"line":44,"column":21},"end":{"line":48,"column":4}},"loc":{"start":{"line":44,"column":21},"end":{"line":48,"column":4}},"line":44}},"f":{"0":2,"1":1,"2":0,"3":0}}
,"C:\\Users\\siphe\\Documents\\programs\\html+js+css\\events_react2\\src\\components\\CreateEvent.jsx": {"path":"C:\\Users\\siphe\\Documents\\programs\\html+js+css\\events_react2\\src\\components\\CreateEvent.jsx","all":false,"statementMap":{"0":{"start":{"line":1,"column":0},"end":{"line":1,"column":44}},"1":{"start":{"line":2,"column":0},"end":{"line":2,"column":36}},"4":{"start":{"line":5,"column":0},"end":{"line":5,"column":44}},"5":{"start":{"line":6,"column":0},"end":{"line":6,"column":30}},"7":{"start":{"line":8,"column":0},"end":{"line":8,"column":24}},"8":{"start":{"line":9,"column":0},"end":{"line":9,"column":11}},"9":{"start":{"line":10,"column":0},"end":{"line":10,"column":10}},"10":{"start":{"line":11,"column":0},"end":{"line":11,"column":11}},"11":{"start":{"line":12,"column":0},"end":{"line":12,"column":15}},"12":{"start":{"line":13,"column":0},"end":{"line":13,"column":17}},"13":{"start":{"line":14,"column":0},"end":{"line":14,"column":23}},"14":{"start":{"line":15,"column":0},"end":{"line":15,"column":17}},"15":{"start":{"line":16,"column":0},"end":{"line":16,"column":12}},"16":{"start":{"line":17,"column":0},"end":{"line":17,"column":18}},"17":{"start":{"line":18,"column":0},"end":{"line":18,"column":18}},"18":{"start":{"line":19,"column":0},"end":{"line":19,"column":14}},"19":{"start":{"line":20,"column":0},"end":{"line":20,"column":2}},"21":{"start":{"line":22,"column":0},"end":{"line":22,"column":27}},"22":{"start":{"line":23,"column":0},"end":{"line":23,"column":44}},"23":{"start":{"line":24,"column":0},"end":{"line":24,"column":14}},"24":{"start":{"line":25,"column":0},"end":{"line":25,"column":20}},"25":{"start":{"line":26,"column":0},"end":{"line":26,"column":17}},"26":{"start":{"line":27,"column":0},"end":{"line":27,"column":13}},"27":{"start":{"line":28,"column":0},"end":{"line":28,"column":19}},"28":{"start":{"line":29,"column":0},"end":{"line":29,"column":17}},"29":{"start":{"line":30,"column":0},"end":{"line":30,"column":19}},"30":{"start":{"line":31,"column":0},"end":{"line":31,"column":20}},"31":{"start":{"line":32,"column":0},"end":{"line":32,"column":22}},"32":{"start":{"line":33,"column":0},"end":{"line":33,"column":17}},"33":{"start":{"line":34,"column":0},"end":{"line":34,"column":32}},"34":{"start":{"line":35,"column":0},"end":{"line":35,"column":23}},"35":{"start":{"line":36,"column":0},"end":{"line":36,"column":5}},"37":{"start":{"line":38,"column":0},"end":{"line":38,"column":51}},"38":{"start":{"line":39,"column":0},"end":{"line":39,"column":74}},"39":{"start":{"line":40,"column":0},"end":{"line":40,"column":48}},"40":{"start":{"line":41,"column":0},"end":{"line":41,"column":41}},"41":{"start":{"line":42,"column":0},"end":{"line":42,"column":45}},"42":{"start":{"line":43,"column":0},"end":{"line":43,"column":53}},"43":{"start":{"line":44,"column":0},"end":{"line":44,"column":72}},"45":{"start":{"line":46,"column":0},"end":{"line":46,"column":19}},"46":{"start":{"line":47,"column":0},"end":{"line":47,"column":41}},"47":{"start":{"line":48,"column":0},"end":{"line":48,"column":11}},"48":{"start":{"line":49,"column":0},"end":{"line":49,"column":66}},"49":{"start":{"line":50,"column":0},"end":{"line":50,"column":11}},"50":{"start":{"line":51,"column":0},"end":{"line":51,"column":25}},"51":{"start":{"line":52,"column":0},"end":{"line":52,"column":21}},"52":{"start":{"line":53,"column":0},"end":{"line":53,"column":48}},"53":{"start":{"line":54,"column":0},"end":{"line":54,"column":48}},"54":{"start":{"line":55,"column":0},"end":{"line":55,"column":13}},"55":{"start":{"line":56,"column":0},"end":{"line":56,"column":13}},"56":{"start":{"line":57,"column":0},"end":{"line":57,"column":27}},"57":{"start":{"line":58,"column":0},"end":{"line":58,"column":56}},"58":{"start":{"line":59,"column":0},"end":{"line":59,"column":9}},"59":{"start":{"line":60,"column":0},"end":{"line":60,"column":43}},"60":{"start":{"line":61,"column":0},"end":{"line":61,"column":28}},"61":{"start":{"line":62,"column":0},"end":{"line":62,"column":23}},"62":{"start":{"line":63,"column":0},"end":{"line":63,"column":59}},"63":{"start":{"line":64,"column":0},"end":{"line":64,"column":49}},"64":{"start":{"line":65,"column":0},"end":{"line":65,"column":7}},"65":{"start":{"line":66,"column":0},"end":{"line":66,"column":6}},"66":{"start":{"line":67,"column":0},"end":{"line":67,"column":37}},"67":{"start":{"line":68,"column":0},"end":{"line":68,"column":11}},"68":{"start":{"line":69,"column":0},"end":{"line":69,"column":65}},"69":{"start":{"line":70,"column":0},"end":{"line":70,"column":11}},"70":{"start":{"line":71,"column":0},"end":{"line":71,"column":25}},"71":{"start":{"line":72,"column":0},"end":{"line":72,"column":21}},"72":{"start":{"line":73,"column":0},"end":{"line":73,"column":48}},"73":{"start":{"line":74,"column":0},"end":{"line":74,"column":48}},"74":{"start":{"line":75,"column":0},"end":{"line":75,"column":13}},"75":{"start":{"line":76,"column":0},"end":{"line":76,"column":13}},"76":{"start":{"line":77,"column":0},"end":{"line":77,"column":27}},"77":{"start":{"line":78,"column":0},"end":{"line":78,"column":52}},"78":{"start":{"line":79,"column":0},"end":{"line":79,"column":9}},"79":{"start":{"line":80,"column":0},"end":{"line":80,"column":43}},"80":{"start":{"line":81,"column":0},"end":{"line":81,"column":31}},"81":{"start":{"line":82,"column":0},"end":{"line":82,"column":9}},"82":{"start":{"line":83,"column":0},"end":{"line":83,"column":43}},"84":{"start":{"line":85,"column":0},"end":{"line":85,"column":40}},"85":{"start":{"line":86,"column":0},"end":{"line":86,"column":30}},"86":{"start":{"line":87,"column":0},"end":{"line":87,"column":46}},"87":{"start":{"line":88,"column":0},"end":{"line":88,"column":11}},"88":{"start":{"line":89,"column":0},"end":{"line":89,"column":9}},"89":{"start":{"line":90,"column":0},"end":{"line":90,"column":23}},"90":{"start":{"line":91,"column":0},"end":{"line":91,"column":55}},"91":{"start":{"line":92,"column":0},"end":{"line":92,"column":45}},"92":{"start":{"line":93,"column":0},"end":{"line":93,"column":7}},"93":{"start":{"line":94,"column":0},"end":{"line":94,"column":6}},"94":{"start":{"line":95,"column":0},"end":{"line":95,"column":18}},"95":{"start":{"line":96,"column":0},"end":{"line":96,"column":22}},"96":{"start":{"line":97,"column":0},"end":{"line":97,"column":14}},"98":{"start":{"line":99,"column":0},"end":{"line":99,"column":36}},"99":{"start":{"line":100,"column":0},"end":{"line":100,"column":37}},"100":{"start":{"line":101,"column":0},"end":{"line":101,"column":48}},"101":{"start":{"line":102,"column":0},"end":{"line":102,"column":4}},"103":{"start":{"line":104,"column":0},"end":{"line":104,"column":46}},"104":{"start":{"line":105,"column":0},"end":{"line":105,"column":92}},"105":{"start":{"line":106,"column":0},"end":{"line":106,"column":4}},"107":{"start":{"line":108,"column":0},"end":{"line":108,"column":48}},"108":{"start":{"line":109,"column":0},"end":{"line":109,"column":32}},"109":{"start":{"line":110,"column":0},"end":{"line":110,"column":64}},"110":{"start":{"line":111,"column":0},"end":{"line":111,"column":37}},"111":{"start":{"line":112,"column":0},"end":{"line":112,"column":68}},"112":{"start":{"line":113,"column":0},"end":{"line":113,"column":46}},"113":{"start":{"line":114,"column":0},"end":{"line":114,"column":55}},"114":{"start":{"line":115,"column":0},"end":{"line":115,"column":7}},"115":{"start":{"line":116,"column":0},"end":{"line":116,"column":4}},"117":{"start":{"line":118,"column":0},"end":{"line":118,"column":42}},"118":{"start":{"line":119,"column":0},"end":{"line":119,"column":35}},"119":{"start":{"line":120,"column":0},"end":{"line":120,"column":15}},"120":{"start":{"line":121,"column":0},"end":{"line":121,"column":51}},"121":{"start":{"line":122,"column":0},"end":{"line":122,"column":45}},"122":{"start":{"line":123,"column":0},"end":{"line":123,"column":30}},"124":{"start":{"line":125,"column":0},"end":{"line":125,"column":54}},"125":{"start":{"line":126,"column":0},"end":{"line":126,"column":45}},"126":{"start":{"line":127,"column":0},"end":{"line":127,"column":38}},"127":{"start":{"line":128,"column":0},"end":{"line":128,"column":36}},"128":{"start":{"line":129,"column":0},"end":{"line":129,"column":5}},"129":{"start":{"line":130,"column":0},"end":{"line":130,"column":4}},"131":{"start":{"line":132,"column":0},"end":{"line":132,"column":38}},"132":{"start":{"line":133,"column":0},"end":{"line":133,"column":44}},"133":{"start":{"line":134,"column":0},"end":{"line":134,"column":61}},"134":{"start":{"line":135,"column":0},"end":{"line":135,"column":4}},"136":{"start":{"line":137,"column":0},"end":{"line":137,"column":48}},"137":{"start":{"line":138,"column":0},"end":{"line":138,"column":58}},"138":{"start":{"line":139,"column":0},"end":{"line":139,"column":37}},"139":{"start":{"line":140,"column":0},"end":{"line":140,"column":34}},"140":{"start":{"line":141,"column":0},"end":{"line":141,"column":4}},"141":{"start":{"line":142,"column":0},"end":{"line":142,"column":30}},"142":{"start":{"line":143,"column":0},"end":{"line":143,"column":34}},"143":{"start":{"line":144,"column":0},"end":{"line":144,"column":26}},"144":{"start":{"line":145,"column":0},"end":{"line":145,"column":4}},"145":{"start":{"line":146,"column":0},"end":{"line":146,"column":33}},"146":{"start":{"line":147,"column":0},"end":{"line":147,"column":23}},"148":{"start":{"line":149,"column":0},"end":{"line":149,"column":27}},"149":{"start":{"line":150,"column":0},"end":{"line":150,"column":4}},"150":{"start":{"line":151,"column":0},"end":{"line":151,"column":29}},"151":{"start":{"line":152,"column":0},"end":{"line":152,"column":27}},"153":{"start":{"line":154,"column":0},"end":{"line":154,"column":4}},"154":{"start":{"line":155,"column":0},"end":{"line":155,"column":58}},"155":{"start":{"line":156,"column":0},"end":{"line":156,"column":56}},"156":{"start":{"line":157,"column":0},"end":{"line":157,"column":4}},"167":{"start":{"line":168,"column":0},"end":{"line":168,"column":41}},"168":{"start":{"line":169,"column":0},"end":{"line":169,"column":8}},"169":{"start":{"line":170,"column":0},"end":{"line":170,"column":41}},"170":{"start":{"line":171,"column":0},"end":{"line":171,"column":45}},"171":{"start":{"line":172,"column":0},"end":{"line":172,"column":50}},"172":{"start":{"line":173,"column":0},"end":{"line":173,"column":62}},"173":{"start":{"line":174,"column":0},"end":{"line":174,"column":49}},"174":{"start":{"line":175,"column":0},"end":{"line":175,"column":39}},"175":{"start":{"line":176,"column":0},"end":{"line":176,"column":59}},"176":{"start":{"line":177,"column":0},"end":{"line":177,"column":55}},"177":{"start":{"line":178,"column":0},"end":{"line":178,"column":53}},"178":{"start":{"line":179,"column":0},"end":{"line":179,"column":86}},"179":{"start":{"line":180,"column":0},"end":{"line":180,"column":70}},"180":{"start":{"line":181,"column":0},"end":{"line":181,"column":72}},"181":{"start":{"line":182,"column":0},"end":{"line":182,"column":62}},"183":{"start":{"line":184,"column":0},"end":{"line":184,"column":56}},"184":{"start":{"line":185,"column":0},"end":{"line":185,"column":33}},"185":{"start":{"line":186,"column":0},"end":{"line":186,"column":59}},"186":{"start":{"line":187,"column":0},"end":{"line":187,"column":9}},"187":{"start":{"line":188,"column":0},"end":{"line":188,"column":7}},"190":{"start":{"line":191,"column":0},"end":{"line":191,"column":22}},"191":{"start":{"line":192,"column":0},"end":{"line":192,"column":36}},"192":{"start":{"line":193,"column":0},"end":{"line":193,"column":133}},"193":{"start":{"line":194,"column":0},"end":{"line":194,"column":8}},"194":{"start":{"line":195,"column":0},"end":{"line":195,"column":26}},"195":{"start":{"line":196,"column":0},"end":{"line":196,"column":47}},"196":{"start":{"line":197,"column":0},"end":{"line":197,"column":75}},"197":{"start":{"line":198,"column":0},"end":{"line":198,"column":18}},"198":{"start":{"line":199,"column":0},"end":{"line":199,"column":7}},"199":{"start":{"line":200,"column":0},"end":{"line":200,"column":43}},"200":{"start":{"line":201,"column":0},"end":{"line":201,"column":39}},"201":{"start":{"line":202,"column":0},"end":{"line":202,"column":48}},"202":{"start":{"line":203,"column":0},"end":{"line":203,"column":55}},"203":{"start":{"line":204,"column":0},"end":{"line":204,"column":21}},"204":{"start":{"line":205,"column":0},"end":{"line":205,"column":11}},"205":{"start":{"line":206,"column":0},"end":{"line":206,"column":9}},"206":{"start":{"line":207,"column":0},"end":{"line":207,"column":62}},"207":{"start":{"line":208,"column":0},"end":{"line":208,"column":7}},"210":{"start":{"line":211,"column":0},"end":{"line":211,"column":36}},"211":{"start":{"line":212,"column":0},"end":{"line":212,"column":135}},"212":{"start":{"line":213,"column":0},"end":{"line":213,"column":8}},"213":{"start":{"line":214,"column":0},"end":{"line":214,"column":26}},"214":{"start":{"line":215,"column":0},"end":{"line":215,"column":40}},"215":{"start":{"line":216,"column":0},"end":{"line":216,"column":47}},"216":{"start":{"line":217,"column":0},"end":{"line":217,"column":77}},"217":{"start":{"line":218,"column":0},"end":{"line":218,"column":18}},"218":{"start":{"line":219,"column":0},"end":{"line":219,"column":7}},"219":{"start":{"line":220,"column":0},"end":{"line":220,"column":43}},"220":{"start":{"line":221,"column":0},"end":{"line":221,"column":45}},"221":{"start":{"line":222,"column":0},"end":{"line":222,"column":59}},"222":{"start":{"line":223,"column":0},"end":{"line":223,"column":64}},"223":{"start":{"line":224,"column":0},"end":{"line":224,"column":48}},"224":{"start":{"line":225,"column":0},"end":{"line":225,"column":74}},"225":{"start":{"line":226,"column":0},"end":{"line":226,"column":38}},"226":{"start":{"line":227,"column":0},"end":{"line":227,"column":98}},"227":{"start":{"line":228,"column":0},"end":{"line":228,"column":26}},"228":{"start":{"line":229,"column":0},"end":{"line":229,"column":14}},"230":{"start":{"line":231,"column":0},"end":{"line":231,"column":63}},"231":{"start":{"line":232,"column":0},"end":{"line":232,"column":59}},"232":{"start":{"line":233,"column":0},"end":{"line":233,"column":67}},"233":{"start":{"line":234,"column":0},"end":{"line":234,"column":63}},"235":{"start":{"line":236,"column":0},"end":{"line":236,"column":38}},"236":{"start":{"line":237,"column":0},"end":{"line":237,"column":70}},"237":{"start":{"line":238,"column":0},"end":{"line":238,"column":23}},"238":{"start":{"line":239,"column":0},"end":{"line":239,"column":13}},"240":{"start":{"line":241,"column":0},"end":{"line":241,"column":63}},"241":{"start":{"line":242,"column":0},"end":{"line":242,"column":45}},"242":{"start":{"line":243,"column":0},"end":{"line":243,"column":23}},"243":{"start":{"line":244,"column":0},"end":{"line":244,"column":14}},"245":{"start":{"line":246,"column":0},"end":{"line":246,"column":11}},"246":{"start":{"line":247,"column":0},"end":{"line":247,"column":9}},"247":{"start":{"line":248,"column":0},"end":{"line":248,"column":7}},"250":{"start":{"line":251,"column":0},"end":{"line":251,"column":65}},"251":{"start":{"line":252,"column":0},"end":{"line":252,"column":22}},"252":{"start":{"line":253,"column":0},"end":{"line":253,"column":18}},"253":{"start":{"line":254,"column":0},"end":{"line":254,"column":44}},"254":{"start":{"line":255,"column":0},"end":{"line":255,"column":9}},"255":{"start":{"line":256,"column":0},"end":{"line":256,"column":9}},"257":{"start":{"line":258,"column":0},"end":{"line":258,"column":26}},"258":{"start":{"line":259,"column":0},"end":{"line":259,"column":38}},"259":{"start":{"line":260,"column":0},"end":{"line":260,"column":47}},"260":{"start":{"line":261,"column":0},"end":{"line":261,"column":66}},"261":{"start":{"line":262,"column":0},"end":{"line":262,"column":18}},"262":{"start":{"line":263,"column":0},"end":{"line":263,"column":7}},"263":{"start":{"line":264,"column":0},"end":{"line":264,"column":43}},"264":{"start":{"line":265,"column":0},"end":{"line":265,"column":29}},"267":{"start":{"line":268,"column":0},"end":{"line":268,"column":45}},"268":{"start":{"line":269,"column":0},"end":{"line":269,"column":34}},"269":{"start":{"line":270,"column":0},"end":{"line":270,"column":19}},"270":{"start":{"line":271,"column":0},"end":{"line":271,"column":9}},"272":{"start":{"line":273,"column":0},"end":{"line":273,"column":48}},"274":{"start":{"line":275,"column":0},"end":{"line":275,"column":74}},"275":{"start":{"line":276,"column":0},"end":{"line":276,"column":52}},"278":{"start":{"line":279,"column":0},"end":{"line":279,"column":42}},"280":{"start":{"line":281,"column":0},"end":{"line":281,"column":48}},"281":{"start":{"line":282,"column":0},"end":{"line":282,"column":74}},"282":{"start":{"line":283,"column":0},"end":{"line":283,"column":38}},"283":{"start":{"line":284,"column":0},"end":{"line":284,"column":98}},"284":{"start":{"line":285,"column":0},"end":{"line":285,"column":26}},"285":{"start":{"line":286,"column":0},"end":{"line":286,"column":14}},"287":{"start":{"line":288,"column":0},"end":{"line":288,"column":63}},"288":{"start":{"line":289,"column":0},"end":{"line":289,"column":59}},"289":{"start":{"line":290,"column":0},"end":{"line":290,"column":66}},"290":{"start":{"line":291,"column":0},"end":{"line":291,"column":62}},"292":{"start":{"line":293,"column":0},"end":{"line":293,"column":38}},"293":{"start":{"line":294,"column":0},"end":{"line":294,"column":65}},"294":{"start":{"line":295,"column":0},"end":{"line":295,"column":23}},"295":{"start":{"line":296,"column":0},"end":{"line":296,"column":13}},"297":{"start":{"line":298,"column":0},"end":{"line":298,"column":63}},"298":{"start":{"line":299,"column":0},"end":{"line":299,"column":45}},"299":{"start":{"line":300,"column":0},"end":{"line":300,"column":23}},"300":{"start":{"line":301,"column":0},"end":{"line":301,"column":14}},"302":{"start":{"line":303,"column":0},"end":{"line":303,"column":11}},"303":{"start":{"line":304,"column":0},"end":{"line":304,"column":9}},"304":{"start":{"line":305,"column":0},"end":{"line":305,"column":7}},"305":{"start":{"line":306,"column":0},"end":{"line":306,"column":15}},"307":{"start":{"line":308,"column":0},"end":{"line":308,"column":19}},"308":{"start":{"line":309,"column":0},"end":{"line":309,"column":58}},"309":{"start":{"line":310,"column":0},"end":{"line":310,"column":31}},"310":{"start":{"line":311,"column":0},"end":{"line":311,"column":15}},"311":{"start":{"line":312,"column":0},"end":{"line":312,"column":6}},"312":{"start":{"line":313,"column":0},"end":{"line":313,"column":4}},"314":{"start":{"line":315,"column":0},"end":{"line":315,"column":28}},"315":{"start":{"line":316,"column":0},"end":{"line":316,"column":23}},"316":{"start":{"line":317,"column":0},"end":{"line":317,"column":21}},"317":{"start":{"line":318,"column":0},"end":{"line":318,"column":17}},"318":{"start":{"line":319,"column":0},"end":{"line":319,"column":19}},"319":{"start":{"line":320,"column":0},"end":{"line":320,"column":42}},"320":{"start":{"line":321,"column":0},"end":{"line":321,"column":38}},"321":{"start":{"line":322,"column":0},"end":{"line":322,"column":16}},"322":{"start":{"line":323,"column":0},"end":{"line":323,"column":59}},"323":{"start":{"line":324,"column":0},"end":{"line":324,"column":24}},"324":{"start":{"line":325,"column":0},"end":{"line":325,"column":5}},"325":{"start":{"line":326,"column":0},"end":{"line":326,"column":21}},"326":{"start":{"line":327,"column":0},"end":{"line":327,"column":63}},"327":{"start":{"line":328,"column":0},"end":{"line":328,"column":24}},"328":{"start":{"line":329,"column":0},"end":{"line":329,"column":5}},"329":{"start":{"line":330,"column":0},"end":{"line":330,"column":21}},"330":{"start":{"line":331,"column":0},"end":{"line":331,"column":40}},"331":{"start":{"line":332,"column":0},"end":{"line":332,"column":24}},"332":{"start":{"line":333,"column":0},"end":{"line":333,"column":5}},"333":{"start":{"line":334,"column":0},"end":{"line":334,"column":21}},"334":{"start":{"line":335,"column":0},"end":{"line":335,"column":36}},"335":{"start":{"line":336,"column":0},"end":{"line":336,"column":55}},"336":{"start":{"line":337,"column":0},"end":{"line":337,"column":31}},"337":{"start":{"line":338,"column":0},"end":{"line":338,"column":21}},"338":{"start":{"line":339,"column":0},"end":{"line":339,"column":5}},"339":{"start":{"line":340,"column":0},"end":{"line":340,"column":21}},"340":{"start":{"line":341,"column":0},"end":{"line":341,"column":41}},"341":{"start":{"line":342,"column":0},"end":{"line":342,"column":24}},"342":{"start":{"line":343,"column":0},"end":{"line":343,"column":5}},"343":{"start":{"line":344,"column":0},"end":{"line":344,"column":9}},"344":{"start":{"line":345,"column":0},"end":{"line":345,"column":49}},"345":{"start":{"line":346,"column":0},"end":{"line":346,"column":19}},"346":{"start":{"line":347,"column":0},"end":{"line":347,"column":36}},"347":{"start":{"line":348,"column":0},"end":{"line":348,"column":7}},"348":{"start":{"line":349,"column":0},"end":{"line":349,"column":24}},"349":{"start":{"line":350,"column":0},"end":{"line":350,"column":38}},"350":{"start":{"line":351,"column":0},"end":{"line":351,"column":7}},"351":{"start":{"line":352,"column":0},"end":{"line":352,"column":24}},"352":{"start":{"line":353,"column":0},"end":{"line":353,"column":40}},"353":{"start":{"line":354,"column":0},"end":{"line":354,"column":7}},"354":{"start":{"line":355,"column":0},"end":{"line":355,"column":24}},"355":{"start":{"line":356,"column":0},"end":{"line":356,"column":5}},"357":{"start":{"line":358,"column":0},"end":{"line":358,"column":3}},"358":{"start":{"line":359,"column":0},"end":{"line":359,"column":36}},"364":{"start":{"line":365,"column":0},"end":{"line":365,"column":9}},"365":{"start":{"line":366,"column":0},"end":{"line":366,"column":41}},"366":{"start":{"line":367,"column":0},"end":{"line":367,"column":45}},"367":{"start":{"line":368,"column":0},"end":{"line":368,"column":50}},"368":{"start":{"line":369,"column":0},"end":{"line":369,"column":62}},"369":{"start":{"line":370,"column":0},"end":{"line":370,"column":49}},"370":{"start":{"line":371,"column":0},"end":{"line":371,"column":39}},"371":{"start":{"line":372,"column":0},"end":{"line":372,"column":59}},"372":{"start":{"line":373,"column":0},"end":{"line":373,"column":55}},"373":{"start":{"line":374,"column":0},"end":{"line":374,"column":53}},"374":{"start":{"line":375,"column":0},"end":{"line":375,"column":86}},"375":{"start":{"line":376,"column":0},"end":{"line":376,"column":70}},"376":{"start":{"line":377,"column":0},"end":{"line":377,"column":72}},"377":{"start":{"line":378,"column":0},"end":{"line":378,"column":62}},"379":{"start":{"line":380,"column":0},"end":{"line":380,"column":56}},"380":{"start":{"line":381,"column":0},"end":{"line":381,"column":33}},"381":{"start":{"line":382,"column":0},"end":{"line":382,"column":59}},"382":{"start":{"line":383,"column":0},"end":{"line":383,"column":9}},"383":{"start":{"line":384,"column":0},"end":{"line":384,"column":7}},"385":{"start":{"line":386,"column":0},"end":{"line":386,"column":57}},"386":{"start":{"line":387,"column":0},"end":{"line":387,"column":40}},"387":{"start":{"line":388,"column":0},"end":{"line":388,"column":7}},"389":{"start":{"line":390,"column":0},"end":{"line":390,"column":68}},"390":{"start":{"line":391,"column":0},"end":{"line":391,"column":23}},"391":{"start":{"line":392,"column":0},"end":{"line":392,"column":18}},"392":{"start":{"line":393,"column":0},"end":{"line":393,"column":44}},"393":{"start":{"line":394,"column":0},"end":{"line":394,"column":10}},"394":{"start":{"line":395,"column":0},"end":{"line":395,"column":93}},"395":{"start":{"line":396,"column":0},"end":{"line":396,"column":9}},"397":{"start":{"line":398,"column":0},"end":{"line":398,"column":25}},"398":{"start":{"line":399,"column":0},"end":{"line":399,"column":46}},"399":{"start":{"line":400,"column":0},"end":{"line":400,"column":75}},"400":{"start":{"line":401,"column":0},"end":{"line":401,"column":15}},"401":{"start":{"line":402,"column":0},"end":{"line":402,"column":7}},"403":{"start":{"line":404,"column":0},"end":{"line":404,"column":41}},"404":{"start":{"line":405,"column":0},"end":{"line":405,"column":30}},"405":{"start":{"line":406,"column":0},"end":{"line":406,"column":34}},"408":{"start":{"line":409,"column":0},"end":{"line":409,"column":19}},"409":{"start":{"line":410,"column":0},"end":{"line":410,"column":18}},"410":{"start":{"line":411,"column":0},"end":{"line":411,"column":24}},"411":{"start":{"line":412,"column":0},"end":{"line":412,"column":21}},"412":{"start":{"line":413,"column":0},"end":{"line":413,"column":17}},"413":{"start":{"line":414,"column":0},"end":{"line":414,"column":23}},"414":{"start":{"line":415,"column":0},"end":{"line":415,"column":21}},"415":{"start":{"line":416,"column":0},"end":{"line":416,"column":23}},"416":{"start":{"line":417,"column":0},"end":{"line":417,"column":24}},"417":{"start":{"line":418,"column":0},"end":{"line":418,"column":26}},"418":{"start":{"line":419,"column":0},"end":{"line":419,"column":21}},"419":{"start":{"line":420,"column":0},"end":{"line":420,"column":36}},"420":{"start":{"line":421,"column":0},"end":{"line":421,"column":27}},"421":{"start":{"line":422,"column":0},"end":{"line":422,"column":9}},"423":{"start":{"line":424,"column":0},"end":{"line":424,"column":44}},"424":{"start":{"line":425,"column":0},"end":{"line":425,"column":51}},"425":{"start":{"line":426,"column":0},"end":{"line":426,"column":48}},"426":{"start":{"line":427,"column":0},"end":{"line":427,"column":19}},"427":{"start":{"line":428,"column":0},"end":{"line":428,"column":58}},"428":{"start":{"line":429,"column":0},"end":{"line":429,"column":31}},"429":{"start":{"line":430,"column":0},"end":{"line":430,"column":15}},"430":{"start":{"line":431,"column":0},"end":{"line":431,"column":24}},"431":{"start":{"line":432,"column":0},"end":{"line":432,"column":5}},"432":{"start":{"line":433,"column":0},"end":{"line":433,"column":4}},"434":{"start":{"line":435,"column":0},"end":{"line":435,"column":10}},"435":{"start":{"line":436,"column":0},"end":{"line":436,"column":9}},"436":{"start":{"line":437,"column":0},"end":{"line":437,"column":15}},"438":{"start":{"line":439,"column":0},"end":{"line":439,"column":75}},"439":{"start":{"line":440,"column":0},"end":{"line":440,"column":143}},"440":{"start":{"line":441,"column":0},"end":{"line":441,"column":85}},"441":{"start":{"line":442,"column":0},"end":{"line":442,"column":64}},"443":{"start":{"line":444,"column":0},"end":{"line":444,"column":18}},"444":{"start":{"line":445,"column":0},"end":{"line":445,"column":25}},"445":{"start":{"line":446,"column":0},"end":{"line":446,"column":26}},"446":{"start":{"line":447,"column":0},"end":{"line":447,"column":36}},"447":{"start":{"line":448,"column":0},"end":{"line":448,"column":42}},"448":{"start":{"line":449,"column":0},"end":{"line":449,"column":83}},"449":{"start":{"line":450,"column":0},"end":{"line":450,"column":39}},"450":{"start":{"line":451,"column":0},"end":{"line":451,"column":22}},"451":{"start":{"line":452,"column":0},"end":{"line":452,"column":14}},"452":{"start":{"line":453,"column":0},"end":{"line":453,"column":45}},"454":{"start":{"line":455,"column":0},"end":{"line":455,"column":20}},"455":{"start":{"line":456,"column":0},"end":{"line":456,"column":27}},"456":{"start":{"line":457,"column":0},"end":{"line":457,"column":45}},"457":{"start":{"line":458,"column":0},"end":{"line":458,"column":34}},"458":{"start":{"line":459,"column":0},"end":{"line":459,"column":38}},"459":{"start":{"line":460,"column":0},"end":{"line":460,"column":56}},"460":{"start":{"line":461,"column":0},"end":{"line":461,"column":92}},"461":{"start":{"line":462,"column":0},"end":{"line":462,"column":35}},"462":{"start":{"line":463,"column":0},"end":{"line":463,"column":16}},"465":{"start":{"line":466,"column":0},"end":{"line":466,"column":32}},"466":{"start":{"line":467,"column":0},"end":{"line":467,"column":110}},"467":{"start":{"line":468,"column":0},"end":{"line":468,"column":51}},"468":{"start":{"line":469,"column":0},"end":{"line":469,"column":52}},"469":{"start":{"line":470,"column":0},"end":{"line":470,"column":25}},"470":{"start":{"line":471,"column":0},"end":{"line":471,"column":33}},"471":{"start":{"line":472,"column":0},"end":{"line":472,"column":72}},"472":{"start":{"line":473,"column":0},"end":{"line":473,"column":81}},"474":{"start":{"line":475,"column":0},"end":{"line":475,"column":29}},"475":{"start":{"line":476,"column":0},"end":{"line":476,"column":27}},"476":{"start":{"line":477,"column":0},"end":{"line":477,"column":22}},"478":{"start":{"line":479,"column":0},"end":{"line":479,"column":75}},"480":{"start":{"line":481,"column":0},"end":{"line":481,"column":21}},"482":{"start":{"line":483,"column":0},"end":{"line":483,"column":18}},"487":{"start":{"line":488,"column":0},"end":{"line":488,"column":50}},"488":{"start":{"line":489,"column":0},"end":{"line":489,"column":20}},"489":{"start":{"line":490,"column":0},"end":{"line":490,"column":27}},"490":{"start":{"line":491,"column":0},"end":{"line":491,"column":27}},"491":{"start":{"line":492,"column":0},"end":{"line":492,"column":25}},"492":{"start":{"line":493,"column":0},"end":{"line":493,"column":37}},"493":{"start":{"line":494,"column":0},"end":{"line":494,"column":44}},"494":{"start":{"line":495,"column":0},"end":{"line":495,"column":85}},"495":{"start":{"line":496,"column":0},"end":{"line":496,"column":24}},"496":{"start":{"line":497,"column":0},"end":{"line":497,"column":16}},"497":{"start":{"line":498,"column":0},"end":{"line":498,"column":40}},"498":{"start":{"line":499,"column":0},"end":{"line":499,"column":106}},"500":{"start":{"line":501,"column":0},"end":{"line":501,"column":23}},"502":{"start":{"line":503,"column":0},"end":{"line":503,"column":18}},"506":{"start":{"line":507,"column":0},"end":{"line":507,"column":50}},"507":{"start":{"line":508,"column":0},"end":{"line":508,"column":20}},"508":{"start":{"line":509,"column":0},"end":{"line":509,"column":27}},"509":{"start":{"line":510,"column":0},"end":{"line":510,"column":33}},"510":{"start":{"line":511,"column":0},"end":{"line":511,"column":43}},"511":{"start":{"line":512,"column":0},"end":{"line":512,"column":44}},"512":{"start":{"line":513,"column":0},"end":{"line":513,"column":85}},"513":{"start":{"line":514,"column":0},"end":{"line":514,"column":24}},"514":{"start":{"line":515,"column":0},"end":{"line":515,"column":16}},"515":{"start":{"line":516,"column":0},"end":{"line":516,"column":46}},"516":{"start":{"line":517,"column":0},"end":{"line":517,"column":106}},"518":{"start":{"line":519,"column":0},"end":{"line":519,"column":23}},"520":{"start":{"line":521,"column":0},"end":{"line":521,"column":18}},"523":{"start":{"line":524,"column":0},"end":{"line":524,"column":50}},"524":{"start":{"line":525,"column":0},"end":{"line":525,"column":20}},"525":{"start":{"line":526,"column":0},"end":{"line":526,"column":27}},"526":{"start":{"line":527,"column":0},"end":{"line":527,"column":31}},"527":{"start":{"line":528,"column":0},"end":{"line":528,"column":41}},"528":{"start":{"line":529,"column":0},"end":{"line":529,"column":44}},"529":{"start":{"line":530,"column":0},"end":{"line":530,"column":85}},"530":{"start":{"line":531,"column":0},"end":{"line":531,"column":24}},"531":{"start":{"line":532,"column":0},"end":{"line":532,"column":16}},"532":{"start":{"line":533,"column":0},"end":{"line":533,"column":44}},"533":{"start":{"line":534,"column":0},"end":{"line":534,"column":106}},"535":{"start":{"line":536,"column":0},"end":{"line":536,"column":23}},"537":{"start":{"line":538,"column":0},"end":{"line":538,"column":18}},"541":{"start":{"line":542,"column":0},"end":{"line":542,"column":56}},"542":{"start":{"line":543,"column":0},"end":{"line":543,"column":65}},"543":{"start":{"line":544,"column":0},"end":{"line":544,"column":20}},"544":{"start":{"line":545,"column":0},"end":{"line":545,"column":31}},"545":{"start":{"line":546,"column":0},"end":{"line":546,"column":30}},"546":{"start":{"line":547,"column":0},"end":{"line":547,"column":42}},"547":{"start":{"line":548,"column":0},"end":{"line":548,"column":89}},"548":{"start":{"line":549,"column":0},"end":{"line":549,"column":16}},"549":{"start":{"line":550,"column":0},"end":{"line":550,"column":18}},"552":{"start":{"line":553,"column":0},"end":{"line":553,"column":34}},"553":{"start":{"line":554,"column":0},"end":{"line":554,"column":20}},"554":{"start":{"line":555,"column":0},"end":{"line":555,"column":29}},"555":{"start":{"line":556,"column":0},"end":{"line":556,"column":35}},"556":{"start":{"line":557,"column":0},"end":{"line":557,"column":45}},"557":{"start":{"line":558,"column":0},"end":{"line":558,"column":44}},"558":{"start":{"line":559,"column":0},"end":{"line":559,"column":85}},"559":{"start":{"line":560,"column":0},"end":{"line":560,"column":42}},"560":{"start":{"line":561,"column":0},"end":{"line":561,"column":24}},"561":{"start":{"line":562,"column":0},"end":{"line":562,"column":16}},"565":{"start":{"line":566,"column":0},"end":{"line":566,"column":18}},"566":{"start":{"line":567,"column":0},"end":{"line":567,"column":27}},"567":{"start":{"line":568,"column":0},"end":{"line":568,"column":34}},"568":{"start":{"line":569,"column":0},"end":{"line":569,"column":44}},"569":{"start":{"line":570,"column":0},"end":{"line":570,"column":42}},"570":{"start":{"line":571,"column":0},"end":{"line":571,"column":83}},"571":{"start":{"line":572,"column":0},"end":{"line":572,"column":41}},"572":{"start":{"line":573,"column":0},"end":{"line":573,"column":14}},"575":{"start":{"line":576,"column":0},"end":{"line":576,"column":60}},"576":{"start":{"line":577,"column":0},"end":{"line":577,"column":69}},"577":{"start":{"line":578,"column":0},"end":{"line":578,"column":56}},"578":{"start":{"line":579,"column":0},"end":{"line":579,"column":47}},"579":{"start":{"line":580,"column":0},"end":{"line":580,"column":89}},"580":{"start":{"line":581,"column":0},"end":{"line":581,"column":26}},"581":{"start":{"line":582,"column":0},"end":{"line":582,"column":37}},"582":{"start":{"line":583,"column":0},"end":{"line":583,"column":72}},"583":{"start":{"line":584,"column":0},"end":{"line":584,"column":94}},"584":{"start":{"line":585,"column":0},"end":{"line":585,"column":55}},"585":{"start":{"line":586,"column":0},"end":{"line":586,"column":22}},"586":{"start":{"line":587,"column":0},"end":{"line":587,"column":71}},"587":{"start":{"line":588,"column":0},"end":{"line":588,"column":26}},"588":{"start":{"line":589,"column":0},"end":{"line":589,"column":19}},"589":{"start":{"line":590,"column":0},"end":{"line":590,"column":20}},"590":{"start":{"line":591,"column":0},"end":{"line":591,"column":18}},"593":{"start":{"line":594,"column":0},"end":{"line":594,"column":56}},"594":{"start":{"line":595,"column":0},"end":{"line":595,"column":81}},"595":{"start":{"line":596,"column":0},"end":{"line":596,"column":20}},"596":{"start":{"line":597,"column":0},"end":{"line":597,"column":31}},"597":{"start":{"line":598,"column":0},"end":{"line":598,"column":46}},"598":{"start":{"line":599,"column":0},"end":{"line":599,"column":97}},"599":{"start":{"line":600,"column":0},"end":{"line":600,"column":16}},"600":{"start":{"line":601,"column":0},"end":{"line":601,"column":18}},"602":{"start":{"line":603,"column":0},"end":{"line":603,"column":21}},"605":{"start":{"line":606,"column":0},"end":{"line":606,"column":36}},"606":{"start":{"line":607,"column":0},"end":{"line":607,"column":23}},"607":{"start":{"line":608,"column":0},"end":{"line":608,"column":44}},"608":{"start":{"line":609,"column":0},"end":{"line":609,"column":50}},"609":{"start":{"line":610,"column":0},"end":{"line":610,"column":24}},"610":{"start":{"line":611,"column":0},"end":{"line":611,"column":106}},"611":{"start":{"line":612,"column":0},"end":{"line":612,"column":56}},"612":{"start":{"line":613,"column":0},"end":{"line":613,"column":16}},"613":{"start":{"line":614,"column":0},"end":{"line":614,"column":18}},"615":{"start":{"line":616,"column":0},"end":{"line":616,"column":21}},"618":{"start":{"line":619,"column":0},"end":{"line":619,"column":71}},"619":{"start":{"line":620,"column":0},"end":{"line":620,"column":217}},"620":{"start":{"line":621,"column":0},"end":{"line":621,"column":118}},"621":{"start":{"line":622,"column":0},"end":{"line":622,"column":169}},"622":{"start":{"line":623,"column":0},"end":{"line":623,"column":24}},"623":{"start":{"line":624,"column":0},"end":{"line":624,"column":94}},"624":{"start":{"line":625,"column":0},"end":{"line":625,"column":99}},"625":{"start":{"line":626,"column":0},"end":{"line":626,"column":24}},"626":{"start":{"line":627,"column":0},"end":{"line":627,"column":38}},"627":{"start":{"line":628,"column":0},"end":{"line":628,"column":22}},"628":{"start":{"line":629,"column":0},"end":{"line":629,"column":42}},"629":{"start":{"line":630,"column":0},"end":{"line":630,"column":40}},"630":{"start":{"line":631,"column":0},"end":{"line":631,"column":72}},"631":{"start":{"line":632,"column":0},"end":{"line":632,"column":20}},"633":{"start":{"line":634,"column":0},"end":{"line":634,"column":20}},"636":{"start":{"line":637,"column":0},"end":{"line":637,"column":69}},"637":{"start":{"line":638,"column":0},"end":{"line":638,"column":74}},"638":{"start":{"line":639,"column":0},"end":{"line":639,"column":109}},"639":{"start":{"line":640,"column":0},"end":{"line":640,"column":222}},"640":{"start":{"line":641,"column":0},"end":{"line":641,"column":122}},"641":{"start":{"line":642,"column":0},"end":{"line":642,"column":173}},"642":{"start":{"line":643,"column":0},"end":{"line":643,"column":28}},"643":{"start":{"line":644,"column":0},"end":{"line":644,"column":84}},"644":{"start":{"line":645,"column":0},"end":{"line":645,"column":111}},"645":{"start":{"line":646,"column":0},"end":{"line":646,"column":28}},"646":{"start":{"line":647,"column":0},"end":{"line":647,"column":50}},"647":{"start":{"line":648,"column":0},"end":{"line":648,"column":26}},"648":{"start":{"line":649,"column":0},"end":{"line":649,"column":54}},"649":{"start":{"line":650,"column":0},"end":{"line":650,"column":52}},"650":{"start":{"line":651,"column":0},"end":{"line":651,"column":76}},"651":{"start":{"line":652,"column":0},"end":{"line":652,"column":24}},"653":{"start":{"line":654,"column":0},"end":{"line":654,"column":24}},"654":{"start":{"line":655,"column":0},"end":{"line":655,"column":19}},"655":{"start":{"line":656,"column":0},"end":{"line":656,"column":20}},"658":{"start":{"line":659,"column":0},"end":{"line":659,"column":19}},"659":{"start":{"line":660,"column":0},"end":{"line":660,"column":27}},"660":{"start":{"line":661,"column":0},"end":{"line":661,"column":32}},"661":{"start":{"line":662,"column":0},"end":{"line":662,"column":140}},"663":{"start":{"line":664,"column":0},"end":{"line":664,"column":49}},"664":{"start":{"line":665,"column":0},"end":{"line":665,"column":21}},"667":{"start":{"line":668,"column":0},"end":{"line":668,"column":68}},"668":{"start":{"line":669,"column":0},"end":{"line":669,"column":62}},"669":{"start":{"line":670,"column":0},"end":{"line":670,"column":17}},"670":{"start":{"line":671,"column":0},"end":{"line":671,"column":14}},"671":{"start":{"line":672,"column":0},"end":{"line":672,"column":12}},"673":{"start":{"line":674,"column":0},"end":{"line":674,"column":10}},"675":{"start":{"line":676,"column":0},"end":{"line":676,"column":2}},"677":{"start":{"line":678,"column":0},"end":{"line":678,"column":27}}},"s":{"0":1,"1":1,"4":1,"5":1,"7":1,"8":1,"9":1,"10":1,"11":1,"12":1,"13":1,"14":1,"15":1,"16":1,"17":1,"18":1,"19":1,"21":1,"22":9,"23":9,"24":9,"25":9,"26":9,"27":9,"28":9,"29":9,"30":9,"31":9,"32":9,"33":9,"34":9,"35":9,"37":9,"38":9,"39":9,"40":9,"41":9,"42":9,"43":9,"45":9,"46":4,"47":4,"48":4,"49":4,"50":4,"51":4,"52":4,"53":4,"54":4,"55":4,"56":4,"57":0,"58":0,"59":0,"60":0,"61":4,"62":4,"63":4,"64":4,"65":4,"66":4,"67":4,"68":4,"69":4,"70":4,"71":4,"72":4,"73":4,"74":4,"75":4,"76":4,"77":0,"78":0,"79":0,"80":0,"81":0,"82":0,"84":0,"85":0,"86":0,"87":0,"88":0,"89":4,"90":4,"91":4,"92":4,"93":4,"94":4,"95":4,"96":9,"98":9,"99":1,"100":1,"101":1,"103":9,"104":1,"105":1,"107":9,"108":0,"109":0,"110":0,"111":0,"112":0,"113":0,"114":0,"115":0,"117":9,"118":1,"119":1,"120":1,"121":1,"122":1,"124":1,"125":1,"126":1,"127":1,"128":1,"129":1,"131":9,"132":0,"133":0,"134":0,"136":9,"137":9,"138":9,"139":0,"140":0,"141":9,"142":1,"143":1,"144":1,"145":9,"146":0,"148":0,"149":0,"150":9,"151":0,"153":0,"154":9,"155":88,"156":9,"167":9,"168":0,"169":0,"170":0,"171":0,"172":0,"173":0,"174":0,"175":0,"176":0,"177":0,"178":0,"179":0,"180":0,"181":0,"183":0,"184":0,"185":0,"186":0,"187":0,"190":0,"191":0,"192":0,"193":0,"194":0,"195":0,"196":0,"197":0,"198":0,"199":0,"200":0,"201":0,"202":0,"203":0,"204":0,"205":0,"206":0,"207":0,"210":0,"211":0,"212":0,"213":0,"214":0,"215":0,"216":0,"217":0,"218":0,"219":0,"220":0,"221":0,"222":0,"223":0,"224":0,"225":0,"226":0,"227":0,"228":0,"230":0,"231":0,"232":0,"233":0,"235":0,"236":0,"237":0,"238":0,"240":0,"241":0,"242":0,"243":0,"245":0,"246":0,"247":0,"250":0,"251":0,"252":0,"253":0,"254":0,"255":0,"257":0,"258":0,"259":0,"260":0,"261":0,"262":0,"263":0,"264":0,"267":0,"268":0,"269":0,"270":0,"272":0,"274":0,"275":0,"278":0,"280":0,"281":0,"282":0,"283":0,"284":0,"285":0,"287":0,"288":0,"289":0,"290":0,"292":0,"293":0,"294":0,"295":0,"297":0,"298":0,"299":0,"300":0,"302":0,"303":0,"304":0,"305":0,"307":0,"308":0,"309":0,"310":0,"311":0,"312":0,"314":9,"315":0,"316":0,"317":0,"318":0,"319":0,"320":0,"321":0,"322":0,"323":0,"324":0,"325":0,"326":0,"327":0,"328":0,"329":0,"330":0,"331":0,"332":0,"333":0,"334":0,"335":0,"336":0,"337":0,"338":0,"339":0,"340":0,"341":0,"342":0,"343":0,"344":0,"345":0,"346":0,"347":0,"348":0,"349":0,"350":0,"351":0,"352":0,"353":0,"354":0,"355":0,"357":0,"358":9,"364":0,"365":0,"366":0,"367":0,"368":0,"369":0,"370":0,"371":0,"372":0,"373":0,"374":0,"375":0,"376":0,"377":0,"379":0,"380":0,"381":0,"382":0,"383":0,"385":0,"386":0,"387":0,"389":0,"390":0,"391":0,"392":0,"393":0,"394":0,"395":0,"397":0,"398":0,"399":0,"400":0,"401":0,"403":0,"404":0,"405":0,"408":0,"409":0,"410":0,"411":0,"412":0,"413":0,"414":0,"415":0,"416":0,"417":0,"418":0,"419":0,"420":0,"421":0,"423":0,"424":0,"425":0,"426":0,"427":0,"428":0,"429":0,"430":0,"431":0,"432":0,"434":9,"435":9,"436":9,"438":9,"439":9,"440":9,"441":9,"443":9,"444":9,"445":9,"446":9,"447":9,"448":9,"449":9,"450":9,"451":9,"452":9,"454":9,"455":9,"456":9,"457":9,"458":9,"459":9,"460":9,"461":9,"462":9,"465":9,"466":2,"467":2,"468":2,"469":2,"470":2,"471":2,"472":2,"474":2,"475":2,"476":2,"478":0,"480":2,"482":9,"487":9,"488":9,"489":9,"490":9,"491":9,"492":9,"493":9,"494":9,"495":9,"496":9,"497":9,"498":8,"500":8,"502":9,"506":9,"507":9,"508":9,"509":9,"510":9,"511":9,"512":9,"513":9,"514":9,"515":9,"516":8,"518":8,"520":9,"523":9,"524":9,"525":9,"526":9,"527":9,"528":9,"529":9,"530":9,"531":9,"532":9,"533":8,"535":8,"537":9,"541":9,"542":9,"543":9,"544":9,"545":9,"546":9,"547":9,"548":9,"549":9,"552":9,"553":0,"554":0,"555":0,"556":0,"557":0,"558":0,"559":0,"560":0,"561":0,"565":9,"566":9,"567":9,"568":9,"569":9,"570":9,"571":9,"572":9,"575":9,"576":9,"577":9,"578":9,"579":0,"580":0,"581":0,"582":0,"583":0,"584":0,"585":0,"586":0,"587":0,"588":9,"589":9,"590":9,"593":9,"594":9,"595":9,"596":9,"597":9,"598":9,"599":9,"600":9,"602":9,"605":9,"606":9,"607":9,"608":9,"609":9,"610":9,"611":9,"612":9,"613":9,"615":9,"618":9,"619":9,"620":9,"621":9,"622":9,"623":9,"624":9,"625":9,"626":9,"627":1,"628":1,"629":1,"630":1,"631":1,"633":9,"636":9,"637":9,"638":24,"639":24,"640":24,"641":24,"642":24,"643":24,"644":24,"645":24,"646":24,"647":0,"648":0,"649":0,"650":0,"651":0,"653":24,"654":9,"655":9,"658":9,"659":9,"660":9,"661":9,"663":9,"664":9,"667":9,"668":9,"669":9,"670":9,"671":9,"673":9,"675":9,"677":1},"branchMap":{"0":{"type":"branch","line":22,"loc":{"start":{"line":22,"column":20},"end":{"line":676,"column":2}},"locations":[{"start":{"line":22,"column":20},"end":{"line":676,"column":2}}]},"1":{"type":"branch","line":466,"loc":{"start":{"line":466,"column":15},"end":{"line":481,"column":21}},"locations":[{"start":{"line":466,"column":15},"end":{"line":481,"column":21}}]},"2":{"type":"branch","line":477,"loc":{"start":{"line":477,"column":21},"end":{"line":479,"column":75}},"locations":[{"start":{"line":477,"column":21},"end":{"line":479,"column":75}}]},"3":{"type":"branch","line":498,"loc":{"start":{"line":498,"column":33},"end":{"line":501,"column":23}},"locations":[{"start":{"line":498,"column":33},"end":{"line":501,"column":23}}]},"4":{"type":"branch","line":516,"loc":{"start":{"line":516,"column":39},"end":{"line":519,"column":23}},"locations":[{"start":{"line":516,"column":39},"end":{"line":519,"column":23}}]},"5":{"type":"branch","line":533,"loc":{"start":{"line":533,"column":37},"end":{"line":536,"column":23}},"locations":[{"start":{"line":533,"column":37},"end":{"line":536,"column":23}}]},"6":{"type":"branch","line":553,"loc":{"start":{"line":553,"column":22},"end":{"line":562,"column":16}},"locations":[{"start":{"line":553,"column":22},"end":{"line":562,"column":16}}]},"7":{"type":"branch","line":627,"loc":{"start":{"line":627,"column":32},"end":{"line":632,"column":20}},"locations":[{"start":{"line":627,"column":32},"end":{"line":632,"column":20}}]},"8":{"type":"branch","line":662,"loc":{"start":{"line":662,"column":110},"end":{"line":662,"column":135}},"locations":[{"start":{"line":662,"column":110},"end":{"line":662,"column":135}}]},"9":{"type":"branch","line":662,"loc":{"start":{"line":662,"column":120},"end":{"line":662,"column":137}},"locations":[{"start":{"line":662,"column":120},"end":{"line":662,"column":137}}]},"10":{"type":"branch","line":664,"loc":{"start":{"line":664,"column":15},"end":{"line":664,"column":34}},"locations":[{"start":{"line":664,"column":15},"end":{"line":664,"column":34}}]},"11":{"type":"branch","line":664,"loc":{"start":{"line":664,"column":25},"end":{"line":664,"column":49}},"locations":[{"start":{"line":664,"column":25},"end":{"line":664,"column":49}}]},"12":{"type":"branch","line":668,"loc":{"start":{"line":668,"column":13},"end":{"line":668,"column":68}},"locations":[{"start":{"line":668,"column":13},"end":{"line":668,"column":68}}]},"13":{"type":"branch","line":669,"loc":{"start":{"line":669,"column":13},"end":{"line":669,"column":62}},"locations":[{"start":{"line":669,"column":13},"end":{"line":669,"column":62}}]},"14":{"type":"branch","line":46,"loc":{"start":{"line":46,"column":12},"end":{"line":97,"column":5}},"locations":[{"start":{"line":46,"column":12},"end":{"line":97,"column":5}}]},"15":{"type":"branch","line":47,"loc":{"start":{"line":47,"column":28},"end":{"line":66,"column":6}},"locations":[{"start":{"line":47,"column":28},"end":{"line":66,"column":6}}]},"16":{"type":"branch","line":57,"loc":{"start":{"line":57,"column":26},"end":{"line":62,"column":15}},"locations":[{"start":{"line":57,"column":26},"end":{"line":62,"column":15}}]},"17":{"type":"branch","line":67,"loc":{"start":{"line":67,"column":24},"end":{"line":94,"column":6}},"locations":[{"start":{"line":67,"column":24},"end":{"line":94,"column":6}}]},"18":{"type":"branch","line":77,"loc":{"start":{"line":77,"column":26},"end":{"line":90,"column":15}},"locations":[{"start":{"line":77,"column":26},"end":{"line":90,"column":15}}]},"19":{"type":"branch","line":99,"loc":{"start":{"line":99,"column":28},"end":{"line":102,"column":4}},"locations":[{"start":{"line":99,"column":28},"end":{"line":102,"column":4}}]},"20":{"type":"branch","line":104,"loc":{"start":{"line":104,"column":34},"end":{"line":106,"column":4}},"locations":[{"start":{"line":104,"column":34},"end":{"line":106,"column":4}}]},"21":{"type":"branch","line":118,"loc":{"start":{"line":118,"column":27},"end":{"line":130,"column":4}},"locations":[{"start":{"line":118,"column":27},"end":{"line":130,"column":4}}]},"22":{"type":"branch","line":142,"loc":{"start":{"line":142,"column":22},"end":{"line":145,"column":4}},"locations":[{"start":{"line":142,"column":22},"end":{"line":145,"column":4}}]},"23":{"type":"branch","line":155,"loc":{"start":{"line":155,"column":50},"end":{"line":156,"column":56}},"locations":[{"start":{"line":155,"column":50},"end":{"line":156,"column":56}}]},"24":{"type":"branch","line":469,"loc":{"start":{"line":469,"column":42},"end":{"line":476,"column":27}},"locations":[{"start":{"line":469,"column":42},"end":{"line":476,"column":27}}]},"25":{"type":"branch","line":625,"loc":{"start":{"line":625,"column":47},"end":{"line":625,"column":78}},"locations":[{"start":{"line":625,"column":47},"end":{"line":625,"column":78}}]},"26":{"type":"branch","line":638,"loc":{"start":{"line":638,"column":55},"end":{"line":654,"column":24}},"locations":[{"start":{"line":638,"column":55},"end":{"line":654,"column":24}}]},"27":{"type":"branch","line":647,"loc":{"start":{"line":647,"column":44},"end":{"line":652,"column":24}},"locations":[{"start":{"line":647,"column":44},"end":{"line":652,"column":24}}]}},"b":{"0":[9],"1":[2],"2":[0],"3":[8],"4":[8],"5":[8],"6":[0],"7":[1],"8":[0],"9":[8],"10":[0],"11":[8],"12":[0],"13":[0],"14":[4],"15":[4],"16":[0],"17":[4],"18":[0],"19":[1],"20":[1],"21":[1],"22":[1],"23":[88],"24":[2],"25":[1],"26":[24],"27":[0]},"fnMap":{"0":{"name":"CreateEvent","decl":{"start":{"line":22,"column":20},"end":{"line":676,"column":2}},"loc":{"start":{"line":22,"column":20},"end":{"line":676,"column":2}},"line":22},"1":{"name":"fetchCategories","decl":{"start":{"line":47,"column":28},"end":{"line":66,"column":6}},"loc":{"start":{"line":47,"column":28},"end":{"line":66,"column":6}},"line":47},"2":{"name":"fetchVenues","decl":{"start":{"line":67,"column":24},"end":{"line":94,"column":6}},"loc":{"start":{"line":67,"column":24},"end":{"line":94,"column":6}},"line":67},"3":{"name":"handleInputChange","decl":{"start":{"line":99,"column":28},"end":{"line":102,"column":4}},"loc":{"start":{"line":99,"column":28},"end":{"line":102,"column":4}},"line":99},"4":{"name":"handleDescriptionChange","decl":{"start":{"line":104,"column":34},"end":{"line":106,"column":4}},"loc":{"start":{"line":104,"column":34},"end":{"line":106,"column":4}},"line":104},"5":{"name":"handleCheckboxChange","decl":{"start":{"line":108,"column":31},"end":{"line":116,"column":4}},"loc":{"start":{"line":108,"column":31},"end":{"line":116,"column":4}},"line":108},"6":{"name":"handleFileChange","decl":{"start":{"line":118,"column":27},"end":{"line":130,"column":4}},"loc":{"start":{"line":118,"column":27},"end":{"line":130,"column":4}},"line":118},"7":{"name":"formatDate","decl":{"start":{"line":132,"column":21},"end":{"line":135,"column":4}},"loc":{"start":{"line":132,"column":21},"end":{"line":135,"column":4}},"line":132},"8":{"name":"handleSearchChange","decl":{"start":{"line":139,"column":29},"end":{"line":141,"column":4}},"loc":{"start":{"line":139,"column":29},"end":{"line":141,"column":4}},"line":139},"9":{"name":"handleOther","decl":{"start":{"line":142,"column":22},"end":{"line":145,"column":4}},"loc":{"start":{"line":142,"column":22},"end":{"line":145,"column":4}},"line":142},"10":{"name":"handleSelect","decl":{"start":{"line":146,"column":23},"end":{"line":150,"column":4}},"loc":{"start":{"line":146,"column":23},"end":{"line":150,"column":4}},"line":146},"11":{"name":"handleBlur","decl":{"start":{"line":151,"column":21},"end":{"line":154,"column":4}},"loc":{"start":{"line":151,"column":21},"end":{"line":154,"column":4}},"line":151},"12":{"name":"checkAvailability","decl":{"start":{"line":168,"column":28},"end":{"line":313,"column":4}},"loc":{"start":{"line":168,"column":28},"end":{"line":313,"column":4}},"line":168},"13":{"name":"creator","decl":{"start":{"line":315,"column":17},"end":{"line":358,"column":3}},"loc":{"start":{"line":315,"column":17},"end":{"line":358,"column":3}},"line":315},"14":{"name":"handleSubmit","decl":{"start":{"line":359,"column":23},"end":{"line":433,"column":4}},"loc":{"start":{"line":359,"column":23},"end":{"line":433,"column":4}},"line":359},"15":{"name":"onFocus","decl":{"start":{"line":461,"column":25},"end":{"line":461,"column":92}},"loc":{"start":{"line":461,"column":25},"end":{"line":461,"column":92}},"line":461},"16":{"name":"onMouseDown","decl":{"start":{"line":473,"column":37},"end":{"line":473,"column":81}},"loc":{"start":{"line":473,"column":37},"end":{"line":473,"column":81}},"line":473},"17":{"name":"onChange","decl":{"start":{"line":548,"column":26},"end":{"line":548,"column":89}},"loc":{"start":{"line":548,"column":26},"end":{"line":548,"column":89}},"line":548},"18":{"name":"onChange","decl":{"start":{"line":599,"column":26},"end":{"line":599,"column":97}},"loc":{"start":{"line":599,"column":26},"end":{"line":599,"column":97}},"line":599},"19":{"name":"onChange","decl":{"start":{"line":625,"column":47},"end":{"line":625,"column":78}},"loc":{"start":{"line":625,"column":47},"end":{"line":625,"column":78}},"line":625},"20":{"name":"onChange","decl":{"start":{"line":645,"column":51},"end":{"line":645,"column":90}},"loc":{"start":{"line":645,"column":51},"end":{"line":645,"column":90}},"line":645}},"f":{"0":9,"1":4,"2":4,"3":1,"4":1,"5":0,"6":1,"7":0,"8":0,"9":1,"10":0,"11":0,"12":0,"13":0,"14":0,"15":0,"16":0,"17":0,"18":0,"19":1,"20":0}}
,"C:\\Users\\siphe\\Documents\\programs\\html+js+css\\events_react2\\src\\components\\Error404.jsx": {"path":"C:\\Users\\siphe\\Documents\\programs\\html+js+css\\events_react2\\src\\components\\Error404.jsx","all":false,"statementMap":{"0":{"start":{"line":1,"column":0},"end":{"line":1,"column":40}},"1":{"start":{"line":2,"column":0},"end":{"line":2,"column":50}},"3":{"start":{"line":4,"column":0},"end":{"line":4,"column":21}},"4":{"start":{"line":5,"column":0},"end":{"line":5,"column":10}},"5":{"start":{"line":6,"column":0},"end":{"line":6,"column":86}},"6":{"start":{"line":7,"column":0},"end":{"line":7,"column":35}},"7":{"start":{"line":8,"column":0},"end":{"line":8,"column":69}},"8":{"start":{"line":9,"column":0},"end":{"line":9,"column":108}},"9":{"start":{"line":10,"column":0},"end":{"line":10,"column":116}},"10":{"start":{"line":11,"column":0},"end":{"line":11,"column":72}},"11":{"start":{"line":12,"column":0},"end":{"line":12,"column":15}},"12":{"start":{"line":13,"column":0},"end":{"line":13,"column":24}},"13":{"start":{"line":14,"column":0},"end":{"line":14,"column":252}},"14":{"start":{"line":15,"column":0},"end":{"line":15,"column":11}},"16":{"start":{"line":17,"column":0},"end":{"line":17,"column":205}},"17":{"start":{"line":18,"column":0},"end":{"line":18,"column":58}},"18":{"start":{"line":19,"column":0},"end":{"line":19,"column":61}},"19":{"start":{"line":20,"column":0},"end":{"line":20,"column":18}},"20":{"start":{"line":21,"column":0},"end":{"line":21,"column":17}},"21":{"start":{"line":22,"column":0},"end":{"line":22,"column":14}},"22":{"start":{"line":23,"column":0},"end":{"line":23,"column":12}},"24":{"start":{"line":25,"column":0},"end":{"line":25,"column":10}},"25":{"start":{"line":26,"column":0},"end":{"line":26,"column":22}},"26":{"start":{"line":27,"column":0},"end":{"line":27,"column":27}},"27":{"start":{"line":28,"column":0},"end":{"line":28,"column":101}},"28":{"start":{"line":29,"column":0},"end":{"line":29,"column":8}},"29":{"start":{"line":30,"column":0},"end":{"line":30,"column":11}},"31":{"start":{"line":32,"column":0},"end":{"line":32,"column":1}},"33":{"start":{"line":34,"column":0},"end":{"line":34,"column":24}}},"s":{"0":1,"1":1,"3":4,"4":4,"5":4,"6":4,"7":4,"8":4,"9":4,"10":4,"11":4,"12":4,"13":4,"14":4,"16":4,"17":4,"18":4,"19":4,"20":4,"21":4,"22":4,"24":4,"25":4,"26":4,"27":4,"28":4,"29":4,"31":4,"33":1},"branchMap":{"0":{"type":"branch","line":4,"loc":{"start":{"line":4,"column":0},"end":{"line":32,"column":1}},"locations":[{"start":{"line":4,"column":0},"end":{"line":32,"column":1}}]}},"b":{"0":[4]},"fnMap":{"0":{"name":"Error404","decl":{"start":{"line":4,"column":0},"end":{"line":32,"column":1}},"loc":{"start":{"line":4,"column":0},"end":{"line":32,"column":1}},"line":4}},"f":{"0":4}}
,"C:\\Users\\siphe\\Documents\\programs\\html+js+css\\events_react2\\src\\components\\EventCard.jsx": {"path":"C:\\Users\\siphe\\Documents\\programs\\html+js+css\\events_react2\\src\\components\\EventCard.jsx","all":false,"statementMap":{"0":{"start":{"line":1,"column":0},"end":{"line":1,"column":26}},"2":{"start":{"line":3,"column":0},"end":{"line":3,"column":34}},"3":{"start":{"line":4,"column":0},"end":{"line":4,"column":10}},"4":{"start":{"line":5,"column":0},"end":{"line":5,"column":72}},"5":{"start":{"line":6,"column":0},"end":{"line":6,"column":57}},"6":{"start":{"line":7,"column":0},"end":{"line":7,"column":32}},"7":{"start":{"line":8,"column":0},"end":{"line":8,"column":25}},"8":{"start":{"line":9,"column":0},"end":{"line":9,"column":10}},"10":{"start":{"line":11,"column":0},"end":{"line":11,"column":2}},"12":{"start":{"line":13,"column":0},"end":{"line":13,"column":25}}},"s":{"0":1,"2":1,"3":1,"4":1,"5":1,"6":1,"7":1,"8":1,"10":1,"12":1},"branchMap":{"0":{"type":"branch","line":3,"loc":{"start":{"line":3,"column":18},"end":{"line":11,"column":2}},"locations":[{"start":{"line":3,"column":18},"end":{"line":11,"column":2}}]}},"b":{"0":[1]},"fnMap":{"0":{"name":"EventCard","decl":{"start":{"line":3,"column":18},"end":{"line":11,"column":2}},"loc":{"start":{"line":3,"column":18},"end":{"line":11,"column":2}},"line":3}},"f":{"0":1}}
[...]
,"53":{"start":{"line":54,"column":0},"end":{"line":54,"column":32}},"54":{"start":{"line":55,"column":0},"end":{"line":55,"column":30}},"56":{"start":{"line":57,"column":0},"end":{"line":57,"column":46}},"57":{"start":{"line":58,"column":0},"end":{"line":58,"column":66}},"58":{"start":{"line":59,"column":0},"end":{"line":59,"column":62}},"59":{"start":{"line":60,"column":0},"end":{"line":60,"column":41}},"60":{"start":{"line":61,"column":0},"end":{"line":61,"column":62}},"61":{"start":{"line":62,"column":0},"end":{"line":62,"column":124}},"62":{"start":{"line":63,"column":0},"end":{"line":63,"column":50}},"63":{"start":{"line":64,"column":0},"end":{"line":64,"column":67}},"64":{"start":{"line":65,"column":0},"end":{"line":65,"column":195}},"65":{"start":{"line":66,"column":0},"end":{"line":66,"column":60}},"66":{"start":{"line":67,"column":0},"end":{"line":67,"column":61}},"67":{"start":{"line":68,"column":0},"end":{"line":68,"column":66}},"68":{"start":{"line":69,"column":0},"end":{"line":69,"column":77}},"69":{"start":{"line":70,"column":0},"end":{"line":70,"column":70}},"70":{"start":{"line":71,"column":0},"end":{"line":71,"column":50}},"71":{"start":{"line":72,"column":0},"end":{"line":72,"column":56}},"72":{"start":{"line":73,"column":0},"end":{"line":73,"column":46}},"73":{"start":{"line":74,"column":0},"end":{"line":74,"column":46}},"74":{"start":{"line":75,"column":0},"end":{"line":75,"column":56}},"75":{"start":{"line":76,"column":0},"end":{"line":76,"column":77}},"76":{"start":{"line":77,"column":0},"end":{"line":77,"column":60}},"77":{"start":{"line":78,"column":0},"end":{"line":78,"column":48}},"79":{"start":{"line":80,"column":0},"end":{"line":80,"column":42}},"81":{"start":{"line":82,"column":0},"end":{"line":82,"column":43}},"82":{"start":{"line":83,"column":0},"end":{"line":83,"column":53}},"83":{"start":{"line":84,"column":0},"end":{"line":84,"column":293}},"84":{"start":{"line":85,"column":0},"end":{"line":85,"column":37}},"86":{"start":{"line":87,"column":0},"end":{"line":87,"column":45}},"87":{"start":{"line":88,"column":0},"end":{"line":88,"column":38}},"88":{"start":{"line":89,"column":0},"end":{"line":89,"column":35}},"89":{"start":{"line":90,"column":0},"end":{"line":90,"column":30}},"90":{"start":{"line":91,"column":0},"end":{"line":91,"column":26}},"91":{"start":{"line":92,"column":0},"end":{"line":92,"column":22}},"92":{"start":{"line":93,"column":0},"end":{"line":93,"column":18}},"93":{"start":{"line":94,"column":0},"end":{"line":94,"column":14}},"95":{"start":{"line":96,"column":0},"end":{"line":96,"column":2}},"97":{"start":{"line":98,"column":0},"end":{"line":98,"column":30}}},"s":{"0":0,"1":0,"2":0,"3":0,"5":0,"6":0,"7":0,"8":0,"10":0,"11":0,"13":0,"14":0,"15":0,"16":0,"18":0,"19":0,"20":0,"21":0,"22":0,"23":0,"24":0,"25":0,"27":0,"29":0,"30":0,"31":0,"34":0,"35":0,"36":0,"37":0,"38":0,"39":0,"41":0,"42":0,"43":0,"44":0,"45":0,"46":0,"47":0,"48":0,"49":0,"50":0,"52":0,"53":0,"54":0,"56":0,"57":0,"58":0,"59":0,"60":0,"61":0,"62":0,"63":0,"64":0,"65":0,"66":0,"67":0,"68":0,"69":0,"70":0,"71":0,"72":0,"73":0,"74":0,"75":0,"76":0,"77":0,"79":0,"81":0,"82":0,"83":0,"84":0,"86":0,"87":0,"88":0,"89":0,"90":0,"91":0,"92":0,"93":0,"95":0,"97":0},"branchMap":{"0":{"type":"branch","line":1,"loc":{"start":{"line":1,"column":0},"end":{"line":98,"column":-1584}},"locations":[{"start":{"line":1,"column":0},"end":{"line":98,"column":-1584}}]}},"b":{"0":[0]},"fnMap":{"0":{"name":"(empty-report)","decl":{"start":{"line":1,"column":0},"end":{"line":98,"column":-1584}},"loc":{"start":{"line":1,"column":0},"end":{"line":98,"column":-1584}},"line":1}},"f":{"0":0}}
,"C:\\Users\\siphe\\Documents\\programs\\html+js+css\\events_react2\\src\\pages\\FogotPassword\\SetNewPassword.jsx": {"path":"C:\\Users\\siphe\\Documents\\programs\\html+js+css\\events_react2\\src\\pages\\FogotPassword\\SetNewPassword.jsx","all":true,"statementMap":{"0":{"start":{"line":1,"column":0},"end":{"line":1,"column":33}},"1":{"start":{"line":2,"column":0},"end":{"line":2,"column":58}},"2":{"start":{"line":3,"column":0},"end":{"line":3,"column":36}},"3":{"start":{"line":4,"column":0},"end":{"line":4,"column":47}},"5":{"start":{"line":6,"column":0},"end":{"line":6,"column":30}},"6":{"start":{"line":7,"column":0},"end":{"line":7,"column":68}},"7":{"start":{"line":8,"column":0},"end":{"line":8,"column":35}},"8":{"start":{"line":9,"column":0},"end":{"line":9,"column":55}},"9":{"start":{"line":10,"column":0},"end":{"line":10,"column":63}},"10":{"start":{"line":11,"column":0},"end":{"line":11,"column":60}},"13":{"start":{"line":14,"column":0},"end":{"line":14,"column":44}},"14":{"start":{"line":15,"column":0},"end":{"line":15,"column":28}},"15":{"start":{"line":16,"column":0},"end":{"line":16,"column":52}},"16":{"start":{"line":17,"column":0},"end":{"line":17,"column":52}},"17":{"start":{"line":18,"column":0},"end":{"line":18,"column":45}},"18":{"start":{"line":19,"column":0},"end":{"line":19,"column":59}},"20":{"start":{"line":21,"column":0},"end":{"line":21,"column":42}},"21":{"start":{"line":22,"column":0},"end":{"line":22,"column":79}},"22":{"start":{"line":23,"column":0},"end":{"line":23,"column":35}},"23":{"start":{"line":24,"column":0},"end":{"line":24,"column":76}},"24":{"start":{"line":25,"column":0},"end":{"line":25,"column":35}},"25":{"start":{"line":26,"column":0},"end":{"line":26,"column":76}},"26":{"start":{"line":27,"column":0},"end":{"line":27,"column":31}},"27":{"start":{"line":28,"column":0},"end":{"line":28,"column":66}},"28":{"start":{"line":29,"column":0},"end":{"line":29,"column":37}},"29":{"start":{"line":30,"column":0},"end":{"line":30,"column":77}},"30":{"start":{"line":31,"column":0},"end":{"line":31,"column":9}},"31":{"start":{"line":32,"column":0},"end":{"line":32,"column":18}},"32":{"start":{"line":33,"column":0},"end":{"line":33,"column":6}},"34":{"start":{"line":35,"column":0},"end":{"line":35,"column":38}},"37":{"start":{"line":38,"column":0},"end":{"line":38,"column":70}},"38":{"start":{"line":39,"column":0},"end":{"line":39,"column":38}},"39":{"start":{"line":40,"column":0},"end":{"line":40,"column":49}},"40":{"start":{"line":41,"column":0},"end":{"line":41,"column":19}},"41":{"start":{"line":42,"column":0},"end":{"line":42,"column":9}},"43":{"start":{"line":44,"column":0},"end":{"line":44,"column":46}},"44":{"start":{"line":45,"column":0},"end":{"line":45,"column":50}},"45":{"start":{"line":46,"column":0},"end":{"line":46,"column":19}},"46":{"start":{"line":47,"column":0},"end":{"line":47,"column":9}},"48":{"start":{"line":49,"column":0},"end":{"line":49,"column":30}},"50":{"start":{"line":51,"column":0},"end":{"line":51,"column":13}},"51":{"start":{"line":52,"column":0},"end":{"line":52,"column":85}},"52":{"start":{"line":53,"column":0},"end":{"line":53,"column":31}},"53":{"start":{"line":54,"column":0},"end":{"line":54,"column":26}},"54":{"start":{"line":55,"column":0},"end":{"line":55,"column":55}},"55":{"start":{"line":56,"column":0},"end":{"line":56,"column":18}},"56":{"start":{"line":57,"column":0},"end":{"line":57,"column":62}},"57":{"start":{"line":58,"column":0},"end":{"line":58,"column":15}},"59":{"start":{"line":60,"column":0},"end":{"line":60,"column":47}},"61":{"start":{"line":62,"column":0},"end":{"line":62,"column":31}},"62":{"start":{"line":63,"column":0},"end":{"line":63,"column":79}},"63":{"start":{"line":64,"column":0},"end":{"line":64,"column":13}},"65":{"start":{"line":66,"column":0},"end":{"line":66,"column":60}},"66":{"start":{"line":67,"column":0},"end":{"line":67,"column":31}},"67":{"start":{"line":68,"column":0},"end":{"line":68,"column":25}},"68":{"start":{"line":69,"column":0},"end":{"line":69,"column":39}},"69":{"start":{"line":70,"column":0},"end":{"line":70,"column":19}},"70":{"start":{"line":71,"column":0},"end":{"line":71,"column":35}},"71":{"start":{"line":72,"column":0},"end":{"line":72,"column":9}},"72":{"start":{"line":73,"column":0},"end":{"line":73,"column":6}},"74":{"start":{"line":75,"column":0},"end":{"line":75,"column":12}},"75":{"start":{"line":76,"column":0},"end":{"line":76,"column":83}},"76":{"start":{"line":77,"column":0},"end":{"line":77,"column":79}},"77":{"start":{"line":78,"column":0},"end":{"line":78,"column":103}},"78":{"start":{"line":79,"column":0},"end":{"line":79,"column":95}},"80":{"start":{"line":81,"column":0},"end":{"line":81,"column":43}},"81":{"start":{"line":82,"column":0},"end":{"line":82,"column":25}},"82":{"start":{"line":83,"column":0},"end":{"line":83,"column":103}},"83":{"start":{"line":84,"column":0},"end":{"line":84,"column":30}},"84":{"start":{"line":85,"column":0},"end":{"line":85,"column":43}},"85":{"start":{"line":86,"column":0},"end":{"line":86,"column":60}},"86":{"start":{"line":87,"column":0},"end":{"line":87,"column":47}},"87":{"start":{"line":88,"column":0},"end":{"line":88,"column":76}},"88":{"start":{"line":89,"column":0},"end":{"line":89,"column":146}},"89":{"start":{"line":90,"column":0},"end":{"line":90,"column":26}},"90":{"start":{"line":91,"column":0},"end":{"line":91,"column":26}},"91":{"start":{"line":92,"column":0},"end":{"line":92,"column":25}},"92":{"start":{"line":93,"column":0},"end":{"line":93,"column":111}},"93":{"start":{"line":94,"column":0},"end":{"line":94,"column":30}},"94":{"start":{"line":95,"column":0},"end":{"line":95,"column":43}},"95":{"start":{"line":96,"column":0},"end":{"line":96,"column":62}},"96":{"start":{"line":97,"column":0},"end":{"line":97,"column":51}},"97":{"start":{"line":98,"column":0},"end":{"line":98,"column":80}},"98":{"start":{"line":99,"column":0},"end":{"line":99,"column":147}},"99":{"start":{"line":100,"column":0},"end":{"line":100,"column":26}},"100":{"start":{"line":101,"column":0},"end":{"line":101,"column":26}},"101":{"start":{"line":102,"column":0},"end":{"line":102,"column":22}},"103":{"start":{"line":104,"column":0},"end":{"line":104,"column":38}},"104":{"start":{"line":105,"column":0},"end":{"line":105,"column":27}},"105":{"start":{"line":106,"column":0},"end":{"line":106,"column":37}},"106":{"start":{"line":107,"column":0},"end":{"line":107,"column":87}},"107":{"start":{"line":108,"column":0},"end":{"line":108,"column":109}},"108":{"start":{"line":109,"column":0},"end":{"line":109,"column":27}},"109":{"start":{"line":110,"column":0},"end":{"line":110,"column":46}},"110":{"start":{"line":111,"column":0},"end":{"line":111,"column":47}},"112":{"start":{"line":113,"column":0},"end":{"line":113,"column":83}},"113":{"start":{"line":114,"column":0},"end":{"line":114,"column":29}},"114":{"start":{"line":115,"column":0},"end":{"line":115,"column":22}},"115":{"start":{"line":116,"column":0},"end":{"line":116,"column":18}},"116":{"start":{"line":117,"column":0},"end":{"line":117,"column":14}},"118":{"start":{"line":119,"column":0},"end":{"line":119,"column":2}},"120":{"start":{"line":121,"column":0},"end":{"line":121,"column":30}}},"s":{"0":0,"1":0,"2":0,"3":0,"5":0,"6":0,"7":0,"8":0,"9":0,"10":0,"13":0,"14":0,"15":0,"16":0,"17":0,"18":0,"20":0,"21":0,"22":0,"23":0,"24":0,"25":0,"26":0,"27":0,"28":0,"29":0,"30":0,"31":0,"32":0,"34":0,"37":0,"38":0,"39":0,"40":0,"41":0,"43":0,"44":0,"45":0,"46":0,"48":0,"50":0,"51":0,"52":0,"53":0,"54":0,"55":0,"56":0,"57":0,"59":0,"61":0,"62":0,"63":0,"65":0,"66":0,"67":0,"68":0,"69":0,"70":0,"71":0,"72":0,"74":0,"75":0,"76":0,"77":0,"78":0,"80":0,"81":0,"82":0,"83":0,"84":0,"85":0,"86":0,"87":0,"88":0,"89":0,"90":0,"91":0,"92":0,"93":0,"94":0,"95":0,"96":0,"97":0,"98":0,"99":0,"100":0,"101":0,"103":0,"104":0,"105":0,"106":0,"107":0,"108":0,"109":0,"110":0,"112":0,"113":0,"114":0,"115":0,"116":0,"118":0,"120":0},"branchMap":{"0":{"type":"branch","line":1,"loc":{"start":{"line":1,"column":0},"end":{"line":121,"column":-1875}},"locations":[{"start":{"line":1,"column":0},"end":{"line":121,"column":-1875}}]}},"b":{"0":[0]},"fnMap":{"0":{"name":"(empty-report)","decl":{"start":{"line":1,"column":0},"end":{"line":121,"column":-1875}},"loc":{"start":{"line":1,"column":0},"end":{"line":121,"column":-1875}},"line":1}},"f":{"0":0}}
,"C:\\Users\\siphe\\Documents\\programs\\html+js+css\\events_react2\\src\\pages\\User\\Profile.jsx": {"path":"C:\\Users\\siphe\\Documents\\programs\\html+js+css\\events_react2\\src\\pages\\User\\Profile.jsx","all":true,"statementMap":{"0":{"start":{"line":1,"column":0},"end":{"line":1,"column":33}},"1":{"start":{"line":2,"column":0},"end":{"line":2,"column":50}},"2":{"start":{"line":3,"column":0},"end":{"line":3,"column":46}},"4":{"start":{"line":5,"column":0},"end":{"line":5,"column":56}},"5":{"start":{"line":6,"column":0},"end":{"line":6,"column":54}},"6":{"start":{"line":7,"column":0},"end":{"line":7,"column":56}},"7":{"start":{"line":8,"column":0},"end":{"line":8,"column":50}},"8":{"start":{"line":9,"column":0},"end":{"line":9,"column":60}},"10":{"start":{"line":11,"column":0},"end":{"line":11,"column":20}},"11":{"start":{"line":12,"column":0},"end":{"line":12,"column":52}},"14":{"start":{"line":15,"column":0},"end":{"line":15,"column":22}},"16":{"start":{"line":17,"column":0},"end":{"line":17,"column":26}},"17":{"start":{"line":18,"column":0},"end":{"line":18,"column":25}},"18":{"start":{"line":19,"column":0},"end":{"line":19,"column":28}},"19":{"start":{"line":20,"column":0},"end":{"line":20,"column":26}},"20":{"start":{"line":21,"column":0},"end":{"line":21,"column":55}},"21":{"start":{"line":22,"column":0},"end":{"line":22,"column":4}},"23":{"start":{"line":24,"column":0},"end":{"line":24,"column":10}},"24":{"start":{"line":25,"column":0},"end":{"line":25,"column":44}},"25":{"start":{"line":26,"column":0},"end":{"line":26,"column":16}},"26":{"start":{"line":27,"column":0},"end":{"line":27,"column":54}},"28":{"start":{"line":29,"column":0},"end":{"line":29,"column":76}},"30":{"start":{"line":31,"column":0},"end":{"line":31,"column":52}},"31":{"start":{"line":32,"column":0},"end":{"line":32,"column":73}},"32":{"start":{"line":33,"column":0},"end":{"line":33,"column":15}},"33":{"start":{"line":34,"column":0},"end":{"line":34,"column":12}},"34":{"start":{"line":35,"column":0},"end":{"line":35,"column":10}},"36":{"start":{"line":37,"column":0},"end":{"line":37,"column":1}},"38":{"start":{"line":39,"column":0},"end":{"line":39,"column":23}}},"s":{"0":0,"1":0,"2":0,"4":0,"5":0,"6":0,"7":0,"8":0,"10":0,"11":0,"14":0,"16":0,"17":0,"18":0,"19":0,"20":0,"21":0,"23":0,"24":0,"25":0,"26":0,"28":0,"30":0,"31":0,"32":0,"33":0,"34":0,"36":0,"38":0},"branchMap":{"0":{"type":"branch","line":1,"loc":{"start":{"line":1,"column":0},"end":{"line":39,"column":-677}},"locations":[{"start":{"line":1,"column":0},"end":{"line":39,"column":-677}}]}},"b":{"0":[0]},"fnMap":{"0":{"name":"(empty-report)","decl":{"start":{"line":1,"column":0},"end":{"line":39,"column":-677}},"loc":{"start":{"line":1,"column":0},"end":{"line":39,"column":-677}},"line":1}},"f":{"0":0}}
,"C:\\Users\\siphe\\Documents\\programs\\html+js+css\\events_react2\\src\\utils\\auth.js": {"path":"C:\\Users\\siphe\\Documents\\programs\\html+js+css\\events_react2\\src\\utils\\auth.js","all":true,"statementMap":{"0":{"start":{"line":1,"column":0},"end":{"line":1,"column":20}},"1":{"start":{"line":2,"column":0},"end":{"line":2,"column":36}},"2":{"start":{"line":3,"column":0},"end":{"line":3,"column":52}},"3":{"start":{"line":4,"column":0},"end":{"line":4,"column":60}},"4":{"start":{"line":5,"column":0},"end":{"line":5,"column":44}},"5":{"start":{"line":6,"column":0},"end":{"line":6,"column":0}},"6":{"start":{"line":7,"column":0},"end":{"line":7,"column":22}},"7":{"start":{"line":8,"column":0},"end":{"line":8,"column":56}},"8":{"start":{"line":9,"column":0},"end":{"line":9,"column":7}},"9":{"start":{"line":10,"column":0},"end":{"line":10,"column":57}},"10":{"start":{"line":11,"column":0},"end":{"line":11,"column":29}},"11":{"start":{"line":12,"column":0},"end":{"line":12,"column":49}},"12":{"start":{"line":13,"column":0},"end":{"line":13,"column":0}},"13":{"start":{"line":14,"column":0},"end":{"line":14,"column":37}},"14":{"start":{"line":15,"column":0},"end":{"line":15,"column":62}},"15":{"start":{"line":16,"column":0},"end":{"line":16,"column":19}},"16":{"start":{"line":17,"column":0},"end":{"line":17,"column":58}},"17":{"start":{"line":18,"column":0},"end":{"line":18,"column":64}},"18":{"start":{"line":19,"column":0},"end":{"line":19,"column":3}},"19":{"start":{"line":20,"column":0},"end":{"line":20,"column":2}},"20":{"start":{"line":21,"column":0},"end":{"line":21,"column":0}},"21":{"start":{"line":22,"column":0},"end":{"line":22,"column":34}},"22":{"start":{"line":23,"column":0},"end":{"line":23,"column":71}},"23":{"start":{"line":24,"column":0},"end":{"line":24,"column":7}},"24":{"start":{"line":25,"column":0},"end":{"line":25,"column":66}},"25":{"start":{"line":26,"column":0},"end":{"line":26,"column":21}},"26":{"start":{"line":27,"column":0},"end":{"line":27,"column":16}},"27":{"start":{"line":28,"column":0},"end":{"line":28,"column":51}},"28":{"start":{"line":29,"column":0},"end":{"line":29,"column":43}},"29":{"start":{"line":30,"column":0},"end":{"line":30,"column":8}},"30":{"start":{"line":31,"column":0},"end":{"line":31,"column":46}},"31":{"start":{"line":32,"column":0},"end":{"line":32,"column":7}},"32":{"start":{"line":33,"column":0},"end":{"line":33,"column":0}},"33":{"start":{"line":34,"column":0},"end":{"line":34,"column":39}},"34":{"start":{"line":35,"column":0},"end":{"line":35,"column":38}},"35":{"start":{"line":36,"column":0},"end":{"line":36,"column":31}},"36":{"start":{"line":37,"column":0},"end":{"line":37,"column":90}},"37":{"start":{"line":38,"column":0},"end":{"line":38,"column":22}},"38":{"start":{"line":39,"column":0},"end":{"line":39,"column":0}},"39":{"start":{"line":40,"column":0},"end":{"line":40,"column":19}},"40":{"start":{"line":41,"column":0},"end":{"line":41,"column":58}},"41":{"start":{"line":42,"column":0},"end":{"line":42,"column":3}},"42":{"start":{"line":43,"column":0},"end":{"line":43,"column":2}}},"s":{"0":0,"1":0,"2":0,"3":0,"4":0,"5":0,"6":0,"7":0,"8":0,"9":0,"10":0,"11":0,"12":0,"13":0,"14":0,"15":0,"16":0,"17":0,"18":0,"19":0,"20":0,"21":0,"22":0,"23":0,"24":0,"25":0,"26":0,"27":0,"28":0,"29":0,"30":0,"31":0,"32":0,"33":0,"34":0,"35":0,"36":0,"37":0,"38":0,"39":0,"40":0,"41":0,"42":0},"branchMap":{"0":{"type":"branch","line":1,"loc":{"start":{"line":1,"column":0},"end":{"line":43,"column":-538}},"locations":[{"start":{"line":1,"column":0},"end":{"line":43,"column":-538}}]}},"b":{"0":[0]},"fnMap":{"0":{"name":"(empty-report)","decl":{"start":{"line":1,"column":0},"end":{"line":43,"column":-538}},"loc":{"start":{"line":1,"column":0},"end":{"line":43,"column":-538}},"line":1}},"f":{"0":0}}
,"C:\\Users\\siphe\\Documents\\programs\\html+js+css\\events_react2\\src\\utils\\truncate.js": {"path":"C:\\Users\\siphe\\Documents\\programs\\html+js+css\\events_react2\\src\\utils\\truncate.js","all":false,"statementMap":{"0":{"start":{"line":1,"column":0},"end":{"line":1,"column":53}},"1":{"start":{"line":2,"column":0},"end":{"line":2,"column":32}},"2":{"start":{"line":3,"column":0},"end":{"line":3,"column":39}},"3":{"start":{"line":4,"column":0},"end":{"line":4,"column":46}},"4":{"start":{"line":5,"column":0},"end":{"line":5,"column":19}},"5":{"start":{"line":6,"column":0},"end":{"line":6,"column":1}},"6":{"start":{"line":7,"column":0},"end":{"line":7,"column":0}},"7":{"start":{"line":8,"column":0},"end":{"line":8,"column":30}}},"s":{"0":19,"1":19,"2":19,"3":19,"4":19,"5":19,"6":1,"7":1},"branchMap":{"0":{"type":"branch","line":1,"loc":{"start":{"line":1,"column":0},"end":{"line":6,"column":1}},"locations":[{"start":{"line":1,"column":0},"end":{"line":6,"column":1}}]},"1":{"type":"branch","line":4,"loc":{"start":{"line":4,"column":6},"end":{"line":4,"column":46}},"locations":[{"start":{"line":4,"column":6},"end":{"line":4,"column":46}}]}},"b":{"0":[19],"1":[0]},"fnMap":{"0":{"name":"truncateString","decl":{"start":{"line":1,"column":0},"end":{"line":6,"column":1}},"loc":{"start":{"line":1,"column":0},"end":{"line":6,"column":1}},"line":1}},"f":{"0":19}}
}
